SF:src\canmatrix\__init__.py
DA:2,1
DA:4,1
DA:5,1
DA:7,1
DA:18,1
DA:28,1
DA:30,1
DA:33,1
LF:8
LH:8
end_of_record
SF:src\canmatrix\cancluster.py
DA:3,1
DA:4,1
DA:6,1
DA:9,1
DA:11,1
DA:12,0
DA:13,0
DA:14,0
DA:15,0
DA:16,0
DA:17,0
DA:18,0
DA:20,1
DA:21,0
DA:22,0
DA:23,0
DA:24,0
DA:25,0
DA:26,0
DA:27,0
DA:29,0
DA:30,0
DA:31,0
DA:32,0
DA:33,0
DA:34,0
DA:35,0
DA:37,1
DA:38,0
DA:39,0
DA:40,0
DA:41,0
DA:42,0
DA:43,0
DA:44,0
DA:45,0
DA:47,0
DA:48,0
DA:49,0
DA:50,0
DA:51,0
DA:53,1
DA:54,0
DA:55,0
DA:56,0
DA:57,0
DA:58,0
DA:59,0
DA:60,0
DA:61,0
DA:62,0
DA:64,1
DA:65,0
DA:66,0
DA:67,0
DA:69,1
DA:70,1
DA:71,0
DA:72,0
DA:73,0
DA:75,1
DA:76,1
DA:77,0
DA:78,0
DA:79,0
DA:81,1
DA:82,1
DA:83,0
DA:84,0
DA:85,0
DA:87,1
DA:88,0
DA:89,0
DA:91,1
DA:92,0
DA:93,0
DA:95,1
DA:96,0
DA:97,0
DA:98,0
DA:99,0
DA:100,0
DA:101,0
DA:102,0
DA:103,0
DA:105,0
DA:106,0
DA:107,0
DA:108,0
DA:109,0
DA:110,0
DA:112,1
DA:113,0
DA:114,0
DA:115,0
DA:116,0
DA:117,0
DA:118,0
DA:119,0
DA:120,0
DA:122,0
DA:123,0
DA:124,0
DA:125,0
DA:126,0
DA:127,0
LF:106
LH:19
FN:11,18,CanCluster.__init__
FNDA:0,CanCluster.__init__
FN:20,35,CanCluster.update_frames
FNDA:0,CanCluster.update_frames
FN:37,51,CanCluster.update_signals
FNDA:0,CanCluster.update_signals
FN:53,62,CanCluster.update_ecus
FNDA:0,CanCluster.update_ecus
FN:64,67,CanCluster.update
FNDA:0,CanCluster.update
FN:70,73,CanCluster.ecus
FNDA:0,CanCluster.ecus
FN:76,79,CanCluster.frames
FNDA:0,CanCluster.frames
FN:82,85,CanCluster.signals
FNDA:0,CanCluster.signals
FN:87,89,CanCluster.pdu_gateway
FNDA:0,CanCluster.pdu_gateway
FN:91,93,CanCluster.signal_gateway
FNDA:0,CanCluster.signal_gateway
FN:95,110,CanCluster.get_pdu_routing_info
FNDA:0,CanCluster.get_pdu_routing_info
FN:112,127,CanCluster.get_signal_routing_info
FNDA:0,CanCluster.get_signal_routing_info
FNF:12
FNH:0
end_of_record
SF:src\canmatrix\canmatrix.py
DA:29,1
DA:30,1
DA:31,1
DA:32,1
DA:33,1
DA:34,1
DA:35,1
DA:36,1
DA:37,1
DA:38,1
DA:39,1
DA:41,1
DA:42,1
DA:44,1
DA:45,1
DA:46,1
DA:48,1
DA:49,0
DA:51,1
DA:53,1
DA:54,0
DA:56,1
DA:59,1
DA:60,1
DA:61,0
DA:64,1
DA:65,1
DA:66,1
DA:67,1
DA:68,1
DA:69,1
DA:70,1
DA:71,1
DA:72,1
DA:75,1
DA:77,0
DA:80,1
DA:81,1
DA:86,1
DA:87,1
DA:88,1
DA:90,1
DA:98,0
DA:99,0
DA:100,0
DA:101,0
DA:102,0
DA:103,0
DA:104,0
DA:106,1
DA:113,0
DA:114,0
DA:115,0
DA:116,0
DA:117,0
DA:118,0
DA:120,1
DA:121,0
DA:122,0
DA:124,1
DA:130,0
DA:133,1
DA:134,0
DA:137,1
DA:138,1
DA:155,1
DA:157,1
DA:158,1
DA:159,1
DA:160,1
DA:161,1
DA:162,1
DA:163,1
DA:171,1
DA:172,1
DA:173,1
DA:174,1
DA:176,1
DA:177,1
DA:178,1
DA:179,1
DA:180,1
DA:181,1
DA:182,1
DA:183,1
DA:184,1
DA:185,1
DA:188,1
DA:189,1
DA:191,1
DA:192,1
DA:193,1
DA:194,1
DA:202,1
DA:203,1
DA:206,0
DA:208,1
DA:209,1
DA:212,0
DA:214,1
DA:215,1
DA:218,0
DA:220,1
DA:221,1
DA:222,0
DA:224,1
DA:231,1
DA:232,1
DA:233,0
DA:235,1
DA:236,0
DA:239,1
DA:240,1
DA:244,0
DA:246,1
DA:247,0
DA:248,0
DA:249,0
DA:250,0
DA:251,0
DA:252,0
DA:253,0
DA:254,0
DA:255,0
DA:256,0
DA:257,0
DA:259,1
DA:260,0
DA:261,0
DA:262,0
DA:263,0
DA:265,0
DA:267,0
DA:269,1
DA:278,0
DA:279,0
DA:280,0
DA:281,0
DA:282,0
DA:283,0
DA:284,0
DA:285,0
DA:286,0
DA:288,1
DA:294,0
DA:296,1
DA:301,0
DA:302,0
DA:304,1
DA:310,0
DA:311,0
DA:313,1
DA:320,0
DA:321,0
DA:322,0
DA:323,0
DA:324,0
DA:325,0
DA:327,1
DA:333,0
DA:334,0
DA:336,1
DA:343,0
DA:344,0
DA:346,0
DA:348,1
DA:362,0
DA:363,0
DA:366,0
DA:367,0
DA:368,0
DA:369,0
DA:372,0
DA:374,1
DA:376,0
DA:379,0
DA:380,0
DA:382,0
DA:383,0
DA:384,0
DA:386,1
DA:392,0
DA:397,0
DA:398,0
DA:399,0
DA:400,0
DA:402,0
DA:407,1
DA:413,0
DA:414,0
DA:415,0
DA:417,0
DA:419,1
DA:421,0
DA:423,0
DA:425,1
DA:431,0
DA:433,0
DA:434,0
DA:436,0
DA:438,1
DA:440,0
DA:442,0
DA:444,1
DA:452,0
DA:453,0
DA:454,0
DA:455,0
DA:456,0
DA:457,0
DA:458,0
DA:460,0
DA:461,0
DA:462,0
DA:463,0
DA:464,0
DA:466,0
DA:467,0
DA:468,0
DA:469,0
DA:472,0
DA:473,0
DA:474,0
DA:478,0
DA:480,0
DA:481,0
DA:483,0
DA:485,1
DA:493,0
DA:494,0
DA:496,0
DA:497,0
DA:498,0
DA:499,0
DA:501,0
DA:503,0
DA:505,1
DA:506,0
DA:509,1
DA:510,1
DA:514,1
DA:515,1
DA:516,1
DA:517,1
DA:518,1
DA:520,1
DA:525,0
DA:526,0
DA:528,1
DA:533,0
DA:534,0
DA:536,1
DA:544,0
DA:545,0
DA:546,0
DA:547,0
DA:549,1
DA:551,0
DA:553,1
DA:554,0
DA:555,0
DA:556,0
DA:557,0
DA:560,1
DA:561,1
DA:570,1
DA:571,1
DA:573,1
DA:574,1
DA:579,0
DA:581,1
DA:582,1
DA:587,0
DA:591,1
DA:594,0
DA:595,0
DA:598,1
DA:609,0
DA:610,0
DA:615,0
DA:616,0
DA:618,0
DA:624,0
DA:625,0
DA:627,0
DA:630,1
DA:639,0
DA:640,0
DA:645,0
DA:646,0
DA:647,0
DA:649,0
DA:650,0
DA:652,0
DA:655,1
DA:656,1
DA:657,1
DA:658,1
DA:659,1
DA:661,1
DA:662,1
DA:664,1
DA:665,0
DA:667,0
DA:668,0
DA:673,0
DA:674,0
DA:676,0
DA:678,0
DA:679,0
DA:681,1
DA:682,1
DA:683,0
DA:685,1
DA:686,1
DA:687,0
DA:688,0
DA:693,0
DA:694,0
DA:695,0
DA:696,0
DA:697,0
DA:698,0
DA:700,0
DA:702,1
DA:703,1
DA:704,0
DA:705,0
DA:706,0
DA:707,0
DA:709,1
DA:710,1
DA:715,0
DA:717,1
DA:718,1
DA:719,0
DA:720,0
DA:721,0
DA:722,0
DA:724,0
DA:725,0
DA:727,1
DA:728,1
DA:729,0
DA:730,0
DA:731,0
DA:733,1
DA:734,1
DA:735,0
DA:736,0
DA:738,1
DA:739,1
DA:740,0
DA:741,0
DA:742,0
DA:744,1
DA:745,1
DA:746,0
DA:747,0
DA:748,0
DA:750,1
DA:751,1
DA:752,0
DA:754,1
DA:755,1
DA:756,0
DA:757,0
DA:758,0
DA:760,1
DA:761,1
DA:762,0
DA:763,0
DA:764,0
DA:766,1
DA:767,1
DA:768,0
DA:769,0
DA:770,0
DA:772,1
DA:773,1
DA:774,0
DA:775,0
DA:777,1
DA:778,1
DA:779,0
DA:783,1
DA:784,1
DA:785,0
DA:790,1
DA:791,1
DA:792,0
DA:796,1
DA:797,0
DA:798,0
DA:800,0
DA:802,1
DA:803,0
DA:813,1
DA:814,1
DA:820,1
DA:821,1
DA:822,1
DA:824,1
DA:825,1
DA:826,1
DA:828,1
DA:831,1
DA:832,1
DA:833,1
DA:834,1
DA:835,1
DA:836,1
DA:839,1
DA:840,1
DA:841,1
DA:842,1
DA:843,1
DA:844,1
DA:845,1
DA:846,1
DA:847,1
DA:848,1
DA:849,1
DA:850,1
DA:851,1
DA:852,1
DA:853,1
DA:854,1
DA:857,1
DA:858,1
DA:870,1
DA:871,1
DA:872,1
DA:873,1
DA:874,1
DA:875,1
DA:876,1
DA:877,1
DA:878,1
DA:879,1
DA:881,1
DA:883,1
DA:891,0
DA:892,0
DA:894,1
DA:905,0
DA:906,0
DA:907,0
DA:908,0
DA:909,0
DA:910,0
DA:911,0
DA:912,0
DA:913,0
DA:915,1
DA:916,0
DA:917,0
DA:918,0
DA:919,0
DA:920,0
DA:922,1
DA:930,0
DA:931,0
DA:932,0
DA:933,0
DA:936,1
DA:937,1
DA:957,1
DA:959,1
DA:960,1
DA:961,1
DA:963,1
DA:964,1
DA:965,1
DA:966,1
DA:967,1
DA:968,1
DA:969,1
DA:970,1
DA:972,1
DA:974,1
DA:978,1
DA:979,1
DA:981,1
DA:982,1
DA:984,1
DA:986,1
DA:987,1
DA:989,0
DA:990,0
DA:991,0
DA:992,0
DA:994,1
DA:995,1
DA:997,0
DA:998,0
DA:999,0
DA:1000,0
DA:1002,1
DA:1003,1
DA:1005,0
DA:1010,0
DA:1012,1
DA:1019,0
DA:1020,0
DA:1021,0
DA:1022,0
DA:1023,0
DA:1025,1
DA:1026,1
DA:1027,0
DA:1029,1
DA:1030,1
DA:1031,0
DA:1033,1
DA:1034,1
DA:1035,0
DA:1037,1
DA:1038,1
DA:1039,0
DA:1041,1
DA:1042,1
DA:1044,0
DA:1046,1
DA:1047,1
DA:1049,0
DA:1051,1
DA:1052,1
DA:1054,0
DA:1056,1
DA:1057,1
DA:1059,0
DA:1061,1
DA:1062,1
DA:1064,0
DA:1065,0
DA:1066,0
DA:1067,0
DA:1068,0
DA:1070,0
DA:1071,0
DA:1072,0
DA:1073,0
DA:1086,1
DA:1095,0
DA:1096,0
DA:1097,0
DA:1098,0
DA:1099,0
DA:1100,0
DA:1101,0
DA:1102,0
DA:1104,1
DA:1107,0
DA:1109,1
DA:1120,0
DA:1121,0
DA:1122,0
DA:1123,0
DA:1124,0
DA:1125,0
DA:1126,0
DA:1127,0
DA:1128,0
DA:1130,1
DA:1138,0
DA:1139,0
DA:1140,0
DA:1141,0
DA:1143,1
DA:1151,0
DA:1152,0
DA:1154,1
DA:1162,0
DA:1163,0
DA:1164,0
DA:1165,0
DA:1167,1
DA:1175,0
DA:1176,0
DA:1177,0
DA:1178,0
DA:1180,1
DA:1188,0
DA:1189,0
DA:1191,1
DA:1197,0
DA:1198,0
DA:1200,1
DA:1206,0
DA:1207,0
DA:1209,1
DA:1215,0
DA:1216,0
DA:1218,1
DA:1226,0
DA:1227,0
DA:1228,0
DA:1229,0
DA:1231,1
DA:1239,0
DA:1240,0
DA:1241,0
DA:1242,0
DA:1243,0
DA:1245,1
DA:1252,0
DA:1253,0
DA:1254,0
DA:1255,0
DA:1256,0
DA:1257,0
DA:1259,1
DA:1266,0
DA:1267,0
DA:1269,1
DA:1276,0
DA:1278,1
DA:1285,0
DA:1286,0
DA:1287,0
DA:1288,0
DA:1289,0
DA:1290,0
DA:1291,0
DA:1292,0
DA:1293,0
DA:1294,0
DA:1296,1
DA:1300,0
DA:1301,0
DA:1302,0
DA:1303,0
DA:1304,0
DA:1305,0
DA:1306,0
DA:1308,1
DA:1321,0
DA:1322,0
DA:1323,0
DA:1324,0
DA:1325,0
DA:1326,0
DA:1327,0
DA:1328,0
DA:1331,0
DA:1332,0
DA:1333,0
DA:1334,0
DA:1336,0
DA:1337,0
DA:1339,0
DA:1344,0
DA:1346,1
DA:1351,0
DA:1352,0
DA:1353,0
DA:1354,0
DA:1355,0
DA:1356,0
DA:1357,0
DA:1358,0
DA:1359,0
DA:1360,0
DA:1361,0
DA:1362,0
DA:1364,1
DA:1368,0
DA:1369,0
DA:1370,0
DA:1371,0
DA:1373,1
DA:1382,0
DA:1383,0
DA:1384,0
DA:1385,0
DA:1386,0
DA:1387,0
DA:1388,0
DA:1389,0
DA:1391,0
DA:1392,0
DA:1394,0
DA:1395,0
DA:1396,0
DA:1398,0
DA:1400,0
DA:1401,0
DA:1403,0
DA:1404,0
DA:1405,0
DA:1406,0
DA:1411,0
DA:1416,1
DA:1425,0
DA:1426,0
DA:1427,0
DA:1428,0
DA:1429,0
DA:1430,0
DA:1432,0
DA:1433,0
DA:1434,0
DA:1435,0
DA:1436,0
DA:1438,0
DA:1440,0
DA:1441,0
DA:1442,0
DA:1443,0
DA:1444,0
DA:1446,0
DA:1447,0
DA:1448,0
DA:1449,0
DA:1450,0
DA:1452,1
DA:1453,1
DA:1461,0
DA:1462,0
DA:1463,0
DA:1465,0
DA:1467,1
DA:1468,1
DA:1478,0
DA:1479,0
DA:1480,0
DA:1481,0
DA:1482,0
DA:1484,0
DA:1486,0
DA:1487,0
DA:1489,0
DA:1491,0
DA:1493,0
DA:1495,1
DA:1508,0
DA:1509,0
DA:1510,0
DA:1512,0
DA:1514,0
DA:1517,0
DA:1519,0
DA:1521,0
DA:1523,0
DA:1525,0
DA:1528,0
DA:1532,0
DA:1533,0
DA:1534,0
DA:1536,0
DA:1537,0
DA:1538,0
DA:1540,0
DA:1541,0
DA:1542,0
DA:1543,0
DA:1545,0
DA:1547,0
DA:1548,0
DA:1552,0
DA:1553,0
DA:1554,0
DA:1555,0
DA:1557,0
DA:1558,0
DA:1559,0
DA:1560,0
DA:1561,0
DA:1563,0
DA:1564,0
DA:1567,0
DA:1568,0
DA:1569,0
DA:1575,0
DA:1576,0
DA:1577,0
DA:1578,0
DA:1579,0
DA:1580,0
DA:1581,0
DA:1582,0
DA:1588,0
DA:1589,0
DA:1590,0
DA:1591,0
DA:1592,0
DA:1593,0
DA:1594,0
DA:1596,0
DA:1602,0
DA:1603,0
DA:1604,0
DA:1605,0
DA:1606,0
DA:1608,0
DA:1609,0
DA:1611,0
DA:1613,0
DA:1615,0
DA:1617,0
DA:1618,0
DA:1620,0
DA:1622,1
DA:1631,0
DA:1632,0
DA:1633,0
DA:1635,1
DA:1645,0
DA:1646,0
DA:1647,0
DA:1648,0
DA:1649,0
DA:1650,0
DA:1651,0
DA:1653,1
DA:1662,0
DA:1664,0
DA:1665,0
DA:1666,0
DA:1668,0
DA:1669,0
DA:1671,0
DA:1672,0
DA:1673,0
DA:1674,0
DA:1675,0
DA:1676,0
DA:1678,0
DA:1680,0
DA:1681,0
DA:1682,0
DA:1684,0
DA:1685,0
DA:1688,0
DA:1689,0
DA:1690,0
DA:1693,0
DA:1694,0
DA:1695,0
DA:1696,0
DA:1699,0
DA:1701,1
DA:1702,0
DA:1703,0
DA:1704,0
DA:1705,0
DA:1706,0
DA:1707,0
DA:1708,0
DA:1709,0
DA:1710,0
DA:1711,0
DA:1712,0
DA:1713,0
DA:1714,0
DA:1715,0
DA:1716,0
DA:1718,0
DA:1720,0
DA:1721,0
DA:1722,0
DA:1723,0
DA:1724,0
DA:1725,0
DA:1726,0
DA:1728,1
DA:1729,0
DA:1730,0
DA:1731,0
DA:1732,0
DA:1733,0
DA:1734,0
DA:1735,0
DA:1736,0
DA:1737,0
DA:1738,0
DA:1739,0
DA:1740,0
DA:1742,0
DA:1743,0
DA:1744,0
DA:1745,0
DA:1746,0
DA:1748,1
DA:1750,0
DA:1751,0
DA:1752,0
DA:1754,0
DA:1755,0
DA:1756,0
DA:1757,0
DA:1758,0
DA:1759,0
DA:1761,1
DA:1763,0
DA:1766,1
DA:1771,1
DA:1776,0
DA:1777,0
DA:1778,0
DA:1779,0
DA:1781,0
DA:1787,0
DA:1788,0
DA:1789,0
DA:1790,0
DA:1793,0
DA:1794,0
DA:1795,0
DA:1796,0
DA:1797,0
DA:1799,0
DA:1800,0
DA:1801,0
DA:1802,0
DA:1804,0
DA:1805,0
DA:1806,0
DA:1807,0
DA:1808,0
DA:1809,0
DA:1810,0
DA:1812,0
DA:1813,0
DA:1814,0
DA:1815,0
DA:1816,0
DA:1818,0
DA:1819,0
DA:1820,0
DA:1821,0
DA:1822,0
DA:1824,1
DA:1829,0
DA:1830,0
DA:1831,0
DA:1833,1
DA:1838,0
DA:1839,0
DA:1840,0
DA:1842,1
DA:1845,1
DA:1846,1
DA:1847,1
DA:1848,1
DA:1850,1
DA:1851,1
DA:1864,1
DA:1865,1
DA:1866,1
DA:1867,1
DA:1869,1
DA:1870,1
DA:1871,1
DA:1872,1
DA:1873,1
DA:1874,1
DA:1875,1
DA:1876,1
DA:1877,1
DA:1878,1
DA:1879,1
DA:1880,1
DA:1881,1
DA:1882,1
DA:1883,1
DA:1885,1
DA:1887,0
DA:1889,1
DA:1890,0
DA:1892,1
DA:1894,0
DA:1895,0
DA:1896,0
DA:1897,0
DA:1899,1
DA:1900,1
DA:1901,0
DA:1902,0
DA:1903,0
DA:1904,0
DA:1906,1
DA:1907,1
DA:1909,0
DA:1910,0
DA:1911,0
DA:1912,0
DA:1914,1
DA:1921,0
DA:1922,0
DA:1923,0
DA:1924,0
DA:1925,0
DA:1927,0
DA:1929,1
DA:1935,0
DA:1937,1
DA:1944,0
DA:1945,0
DA:1946,0
DA:1947,0
DA:1948,0
DA:1949,0
DA:1951,1
DA:1958,0
DA:1959,0
DA:1961,1
DA:1968,0
DA:1969,0
DA:1971,1
DA:1978,0
DA:1979,0
DA:1981,1
DA:1988,0
DA:1989,0
DA:1991,1
DA:1998,0
DA:1999,0
DA:2001,1
DA:2002,0
DA:2003,0
DA:2004,0
DA:2005,0
DA:2006,0
DA:2007,0
DA:2008,0
DA:2009,0
DA:2011,1
DA:2014,0
DA:2015,0
DA:2016,0
DA:2017,0
DA:2018,0
DA:2019,0
DA:2020,0
DA:2022,1
DA:2027,0
DA:2028,0
DA:2029,0
DA:2030,0
DA:2031,0
DA:2033,0
DA:2034,0
DA:2035,0
DA:2036,0
DA:2037,0
DA:2038,0
DA:2039,0
DA:2040,0
DA:2042,0
DA:2043,0
DA:2044,0
DA:2046,0
DA:2047,0
DA:2048,0
DA:2049,0
DA:2050,0
DA:2051,0
DA:2053,0
DA:2054,0
DA:2055,0
DA:2057,1
DA:2063,0
DA:2065,0
DA:2066,0
DA:2067,0
DA:2068,0
DA:2069,0
DA:2071,0
DA:2072,0
DA:2073,0
DA:2075,1
DA:2081,0
DA:2082,0
DA:2083,0
DA:2084,0
DA:2086,1
DA:2094,0
DA:2096,1
DA:2103,0
DA:2104,0
DA:2107,0
DA:2108,0
DA:2110,1
DA:2116,0
DA:2117,0
DA:2118,0
DA:2119,0
DA:2121,1
DA:2128,0
DA:2130,1
DA:2136,0
DA:2137,0
DA:2138,0
DA:2139,0
DA:2140,0
DA:2142,1
DA:2149,0
DA:2150,0
DA:2151,0
DA:2152,0
DA:2154,1
DA:2161,0
DA:2162,0
DA:2163,0
DA:2164,0
DA:2165,0
DA:2167,1
DA:2173,0
DA:2174,0
DA:2175,0
DA:2176,0
DA:2177,0
DA:2178,0
DA:2179,0
DA:2181,0
DA:2183,1
DA:2188,0
DA:2189,0
DA:2191,1
DA:2198,0
DA:2199,0
DA:2201,1
DA:2206,0
DA:2208,1
DA:2210,0
DA:2211,0
DA:2212,0
DA:2213,0
DA:2215,1
DA:2220,0
DA:2221,0
DA:2222,0
DA:2223,0
DA:2225,1
DA:2230,0
DA:2231,0
DA:2232,0
DA:2234,1
DA:2239,0
DA:2240,0
DA:2241,0
DA:2242,0
DA:2243,0
DA:2244,0
DA:2245,0
DA:2246,0
DA:2247,0
DA:2248,0
DA:2249,0
DA:2250,0
DA:2251,0
DA:2252,0
DA:2254,1
DA:2260,0
DA:2261,0
DA:2262,0
DA:2263,0
DA:2264,0
DA:2265,0
DA:2266,0
DA:2267,0
DA:2268,0
DA:2269,0
DA:2270,0
DA:2271,0
DA:2272,0
DA:2273,0
DA:2275,1
DA:2280,0
DA:2281,0
DA:2282,0
DA:2283,0
DA:2284,0
DA:2287,1
DA:2292,0
DA:2294,0
DA:2295,0
DA:2296,0
DA:2297,0
DA:2298,0
DA:2299,0
DA:2300,0
DA:2302,0
DA:2304,1
DA:2306,0
DA:2307,0
DA:2308,0
DA:2309,0
DA:2310,0
DA:2311,0
DA:2312,0
DA:2314,1
DA:2320,0
DA:2321,0
DA:2322,0
DA:2323,0
DA:2324,0
DA:2325,0
DA:2326,0
DA:2327,0
DA:2328,0
DA:2329,0
DA:2330,0
DA:2331,0
DA:2333,1
DA:2337,0
DA:2338,0
DA:2339,0
DA:2341,1
DA:2347,0
DA:2348,0
DA:2349,0
DA:2350,0
DA:2351,0
DA:2352,0
DA:2353,0
DA:2354,0
DA:2355,0
DA:2356,0
DA:2357,0
DA:2358,0
DA:2360,0
DA:2361,0
DA:2362,0
DA:2364,1
DA:2368,0
DA:2369,0
DA:2370,0
DA:2371,0
DA:2373,0
DA:2374,0
DA:2375,0
DA:2376,0
DA:2378,1
DA:2385,0
DA:2386,0
DA:2387,0
DA:2388,0
DA:2389,0
DA:2391,1
DA:2398,0
DA:2399,0
DA:2400,0
DA:2401,0
DA:2402,0
DA:2404,1
DA:2410,0
DA:2411,0
DA:2412,0
DA:2414,1
DA:2420,0
DA:2421,0
DA:2422,0
DA:2423,0
DA:2425,1
DA:2431,0
DA:2432,0
DA:2433,0
DA:2435,1
DA:2443,0
DA:2444,0
DA:2445,0
DA:2446,0
DA:2447,0
DA:2450,0
DA:2451,0
DA:2452,0
DA:2454,0
DA:2456,0
DA:2458,1
DA:2464,0
DA:2465,0
DA:2466,0
DA:2468,1
DA:2479,0
DA:2481,1
DA:2487,0
DA:2488,0
DA:2490,1
DA:2498,0
DA:2499,0
DA:2500,0
DA:2501,0
DA:2502,0
DA:2503,0
DA:2504,0
DA:2505,0
DA:2507,0
DA:2509,0
DA:2511,1
DA:2512,0
DA:2513,0
DA:2514,0
DA:2515,0
DA:2516,0
DA:2518,0
DA:2519,0
DA:2520,0
DA:2521,0
DA:2522,0
DA:2524,0
DA:2525,0
DA:2526,0
DA:2527,0
DA:2528,0
DA:2529,0
DA:2531,1
DA:2532,0
DA:2533,0
DA:2534,0
DA:2535,0
DA:2536,0
DA:2537,0
DA:2538,0
DA:2539,0
DA:2540,0
DA:2541,0
DA:2542,0
DA:2543,0
DA:2544,0
DA:2545,0
DA:2546,0
DA:2547,0
DA:2548,0
DA:2549,0
DA:2550,0
DA:2551,0
DA:2552,0
LF:1330
LH:386
FN:60,61,ExceptionTemplate.__call__
FNDA:0,ExceptionTemplate.__call__
FN:75,77,arbitration_id_converter
FNDA:0,arbitration_id_converter
FN:90,104,Ecu.attribute
FNDA:0,Ecu.attribute
FN:106,118,Ecu.add_attribute
FNDA:0,Ecu.add_attribute
FN:120,122,Ecu.del_attribute
FNDA:0,Ecu.del_attribute
FN:124,130,Ecu.add_comment
FNDA:0,Ecu.add_comment
FN:133,134,normalize_value_table
FNDA:0,normalize_value_table
FN:203,206,Signal.set_default_offset
FNDA:0,Signal.set_default_offset
FN:209,212,Signal.set_default_factor
FNDA:0,Signal.set_default_factor
FN:215,218,Signal.set_default_initial_value
FNDA:0,Signal.set_default_initial_value
FN:221,222,Signal.set_default_min
FNDA:0,Signal.set_default_min
FN:232,233,Signal.set_default_max
FNDA:0,Signal.set_default_max
FN:235,236,Signal.__attrs_post_init__
FNDA:0,Signal.__attrs_post_init__
FN:240,244,Signal.spn
FNDA:0,Signal.spn
FN:246,257,Signal.multiplex_setter
FNDA:0,Signal.multiplex_setter
FN:259,267,Signal.multiplexer_value_in_range
FNDA:0,Signal.multiplexer_value_in_range
FN:269,286,Signal.attribute
FNDA:0,Signal.attribute
FN:288,294,Signal.add_comment
FNDA:0,Signal.add_comment
FN:296,302,Signal.add_receiver
FNDA:0,Signal.add_receiver
FN:304,311,Signal.del_receiver
FNDA:0,Signal.del_receiver
FN:313,325,Signal.add_attribute
FNDA:0,Signal.add_attribute
FN:327,334,Signal.del_attribute
FNDA:0,Signal.del_attribute
FN:336,346,Signal.add_values
FNDA:0,Signal.add_values
FN:348,372,Signal.set_startbit
FNDA:0,Signal.set_startbit
FN:374,384,Signal.get_startbit
FNDA:0,Signal.get_startbit
FN:386,405,Signal.calculate_raw_range
FNDA:0,Signal.calculate_raw_range
FN:407,417,Signal.set_min
FNDA:0,Signal.set_min
FN:419,423,Signal.calc_min
FNDA:0,Signal.calc_min
FN:425,436,Signal.set_max
FNDA:0,Signal.set_max
FN:438,442,Signal.calc_max
FNDA:0,Signal.calc_max
FN:444,483,Signal.phys2raw
FNDA:0,Signal.phys2raw
FN:485,503,Signal.raw2phys
FNDA:0,Signal.raw2phys
FN:505,506,Signal.__str__
FNDA:0,Signal.__str__
FN:520,526,SignalGroup.add_signal
FNDA:0,SignalGroup.add_signal
FN:528,534,SignalGroup.del_signal
FNDA:0,SignalGroup.del_signal
FN:536,547,SignalGroup.by_name
FNDA:0,SignalGroup.by_name
FN:549,551,SignalGroup.__iter__
FNDA:0,SignalGroup.__iter__
FN:553,557,SignalGroup.__getitem__
FNDA:0,SignalGroup.__getitem__
FN:574,579,DecodedSignal.phys_value
FNDA:0,DecodedSignal.phys_value
FN:582,587,DecodedSignal.named_value
FNDA:0,DecodedSignal.named_value
FN:591,595,grouper
FNDA:0,grouper
FN:598,627,unpack_bitstring
FNDA:0,unpack_bitstring
FN:630,652,pack_bitstring
FNDA:0,pack_bitstring
FN:664,679,ArbitrationId.__attrs_post_init__
FNDA:0,ArbitrationId.__attrs_post_init__
FN:682,683,ArbitrationId.j1939_pgn
FNDA:0,ArbitrationId.j1939_pgn
FN:686,700,ArbitrationId.pgn
FNDA:0,ArbitrationId.pgn
FN:703,707,ArbitrationId.pgn
FNDA:0,ArbitrationId.pgn
FN:710,715,ArbitrationId.j1939_tuple
FNDA:0,ArbitrationId.j1939_tuple
FN:718,725,ArbitrationId.j1939_destination
FNDA:0,ArbitrationId.j1939_destination
FN:728,731,ArbitrationId.j1939_source
FNDA:0,ArbitrationId.j1939_source
FN:734,736,ArbitrationId.j1939_source
FNDA:0,ArbitrationId.j1939_source
FN:739,742,ArbitrationId.j1939_ps
FNDA:0,ArbitrationId.j1939_ps
FN:745,748,ArbitrationId.j1939_pf
FNDA:0,ArbitrationId.j1939_pf
FN:751,752,ArbitrationId.j1939_pdu_format
FNDA:0,ArbitrationId.j1939_pdu_format
FN:755,758,ArbitrationId.j1939_dp
FNDA:0,ArbitrationId.j1939_dp
FN:761,764,ArbitrationId.j1939_edp
FNDA:0,ArbitrationId.j1939_edp
FN:767,770,ArbitrationId.j1939_priority
FNDA:0,ArbitrationId.j1939_priority
FN:773,775,ArbitrationId.j1939_priority
FNDA:0,ArbitrationId.j1939_priority
FN:778,780,ArbitrationId.j1939_str
FNDA:0,ArbitrationId.j1939_str
FN:784,788,ArbitrationId.from_compound_integer
FNDA:0,ArbitrationId.from_compound_integer
FN:791,794,ArbitrationId.from_pgn
FNDA:0,ArbitrationId.from_pgn
FN:796,800,ArbitrationId.to_compound_integer
FNDA:0,ArbitrationId.to_compound_integer
FN:802,810,ArbitrationId.__eq__
FNDA:0,ArbitrationId.__eq__
FN:883,892,Pdu.add_signal
FNDA:0,Pdu.add_signal
FN:894,913,Pdu.add_signal_group
FNDA:0,Pdu.add_signal_group
FN:915,920,Pdu.get_signal_group_for_signal
FNDA:0,Pdu.get_signal_group_for_signal
FN:922,933,Pdu.signal_by_name
FNDA:0,Pdu.signal_by_name
FN:987,992,Frame.is_multiplexed
FNDA:0,Frame.is_multiplexed
FN:995,1000,Frame.get_multiplexer
FNDA:0,Frame.get_multiplexer
FN:1003,1010,Frame.get_multiplexer_values
FNDA:0,Frame.get_multiplexer_values
FN:1012,1023,Frame.get_signals_for_multiplexer_value
FNDA:0,Frame.get_signals_for_multiplexer_value
FN:1026,1027,Frame.is_pdu_container
FNDA:0,Frame.is_pdu_container
FN:1030,1031,Frame.get_pdu_id_values
FNDA:0,Frame.get_pdu_id_values
FN:1034,1035,Frame.pgn
FNDA:0,Frame.pgn
FN:1038,1039,Frame.pgn
FNDA:0,Frame.pgn
FN:1042,1044,Frame.priority
FNDA:0,Frame.priority
FN:1047,1049,Frame.priority
FNDA:0,Frame.priority
FN:1052,1054,Frame.source
FNDA:0,Frame.source
FN:1057,1059,Frame.source
FNDA:0,Frame.source
FN:1062,1073,Frame.effective_cycle_time
FNDA:0,Frame.effective_cycle_time
FN:1086,1102,Frame.attribute
FNDA:0,Frame.attribute
FN:1104,1107,Frame.__iter__
FNDA:0,Frame.__iter__
FN:1109,1128,Frame.add_signal_group
FNDA:0,Frame.add_signal_group
FN:1130,1141,Frame.signal_group_by_name
FNDA:0,Frame.signal_group_by_name
FN:1143,1152,Frame.add_pdu
FNDA:0,Frame.add_pdu
FN:1154,1165,Frame.pdu_by_name
FNDA:0,Frame.pdu_by_name
FN:1167,1178,Frame.pdu_by_id
FNDA:0,Frame.pdu_by_id
FN:1180,1189,Frame.add_signal
FNDA:0,Frame.add_signal
FN:1191,1198,Frame.add_transmitter
FNDA:0,Frame.add_transmitter
FN:1200,1207,Frame.del_transmitter
FNDA:0,Frame.del_transmitter
FN:1209,1216,Frame.add_receiver
FNDA:0,Frame.add_receiver
FN:1218,1229,Frame.signal_by_name
FNDA:0,Frame.signal_by_name
FN:1231,1243,Frame.glob_signals
FNDA:0,Frame.glob_signals
FN:1245,1257,Frame.add_attribute
FNDA:0,Frame.add_attribute
FN:1259,1267,Frame.del_attribute
FNDA:0,Frame.del_attribute
FN:1269,1276,Frame.add_comment
FNDA:0,Frame.add_comment
FN:1278,1294,Frame.calc_dlc
FNDA:0,Frame.calc_dlc
FN:1296,1306,Frame.fit_dlc
FNDA:0,Frame.fit_dlc
FN:1308,1344,Frame.get_frame_layout
FNDA:0,Frame.get_frame_layout
FN:1346,1362,Frame.create_dummy_signals
FNDA:0,Frame.create_dummy_signals
FN:1364,1371,Frame.update_receiver
FNDA:0,Frame.update_receiver
FN:1373,1414,Frame.signals_to_bytes
FNDA:0,Frame.signals_to_bytes
FN:1416,1450,Frame.encode
FNDA:0,Frame.encode
FN:1453,1465,Frame.bytes_to_bitstrings
FNDA:0,Frame.bytes_to_bitstrings
FN:1468,1493,Frame.bitstring_to_signal_list
FNDA:0,Frame.bitstring_to_signal_list
FN:1495,1620,Frame.unpack
FNDA:0,Frame.unpack
FN:1622,1633,Frame._get_sub_multiplexer
FNDA:0,Frame._get_sub_multiplexer
FN:1635,1651,Frame._filter_signals_for_multiplexer
FNDA:0,Frame._filter_signals_for_multiplexer
FN:1653,1699,Frame.decode
FNDA:0,Frame.decode
FN:1701,1726,Frame._compress_little
FNDA:0,Frame._compress_little
FN:1728,1746,Frame.compress
FNDA:0,Frame.compress
FN:1748,1759,Frame.multiplex_signals
FNDA:0,Frame.multiplex_signals
FN:1761,1763,Frame.__str__
FNDA:0,Frame.__str__
FN:1771,1822,Define.__init__
FNDA:0,Define.__init__
FN:1781,1790,Define.__init__.safe_convert_str_to_int
FNDA:0,Define.__init__.safe_convert_str_to_int
FN:1824,1831,Define.set_default
FNDA:0,Define.set_default
FN:1833,1840,Define.update
FNDA:0,Define.update
FN:1885,1887,CanMatrix.__iter__
FNDA:0,CanMatrix.__iter__
FN:1889,1890,CanMatrix.add_env_var
FNDA:0,CanMatrix.add_env_var
FN:1892,1897,CanMatrix.add_env_attribute
FNDA:0,CanMatrix.add_env_attribute
FN:1900,1904,CanMatrix.contains_fd
FNDA:0,CanMatrix.contains_fd
FN:1907,1912,CanMatrix.contains_j1939
FNDA:0,CanMatrix.contains_j1939
FN:1914,1927,CanMatrix.attribute
FNDA:0,CanMatrix.attribute
FN:1929,1935,CanMatrix.add_value_table
FNDA:0,CanMatrix.add_value_table
FN:1937,1949,CanMatrix.add_attribute
FNDA:0,CanMatrix.add_attribute
FN:1951,1959,CanMatrix.add_signal_defines
FNDA:0,CanMatrix.add_signal_defines
FN:1961,1969,CanMatrix.add_frame_defines
FNDA:0,CanMatrix.add_frame_defines
FN:1971,1979,CanMatrix.add_ecu_defines
FNDA:0,CanMatrix.add_ecu_defines
FN:1981,1989,CanMatrix.add_env_defines
FNDA:0,CanMatrix.add_env_defines
FN:1991,1999,CanMatrix.add_global_defines
FNDA:0,CanMatrix.add_global_defines
FN:2001,2009,CanMatrix.add_define_default
FNDA:0,CanMatrix.add_define_default
FN:2011,2020,CanMatrix.delete_obsolete_ecus
FNDA:0,CanMatrix.delete_obsolete_ecus
FN:2022,2055,CanMatrix.delete_obsolete_defines
FNDA:0,CanMatrix.delete_obsolete_defines
FN:2057,2073,CanMatrix.frame_by_id
FNDA:0,CanMatrix.frame_by_id
FN:2075,2084,CanMatrix.frame_by_header_id
FNDA:0,CanMatrix.frame_by_header_id
FN:2086,2094,CanMatrix.get_frame_by_id
FNDA:0,CanMatrix.get_frame_by_id
FN:2096,2108,CanMatrix.frame_by_pgn
FNDA:0,CanMatrix.frame_by_pgn
FN:2110,2119,CanMatrix.frame_by_name
FNDA:0,CanMatrix.frame_by_name
FN:2121,2128,CanMatrix.get_frame_by_name
FNDA:0,CanMatrix.get_frame_by_name
FN:2130,2140,CanMatrix.glob_frames
FNDA:0,CanMatrix.glob_frames
FN:2142,2152,CanMatrix.ecu_by_name
FNDA:0,CanMatrix.ecu_by_name
FN:2154,2165,CanMatrix.glob_ecus
FNDA:0,CanMatrix.glob_ecus
FN:2167,2181,CanMatrix.add_frame
FNDA:0,CanMatrix.add_frame
FN:2183,2189,CanMatrix.remove_frame
FNDA:0,CanMatrix.remove_frame
FN:2191,2199,CanMatrix.add_signal
FNDA:0,CanMatrix.add_signal
FN:2201,2206,CanMatrix.remove_signal
FNDA:0,CanMatrix.remove_signal
FN:2208,2213,CanMatrix.delete_zero_signals
FNDA:0,CanMatrix.delete_zero_signals
FN:2215,2223,CanMatrix.del_signal_attributes
FNDA:0,CanMatrix.del_signal_attributes
FN:2225,2232,CanMatrix.del_frame_attributes
FNDA:0,CanMatrix.del_frame_attributes
FN:2234,2252,CanMatrix.recalc_dlc
FNDA:0,CanMatrix.recalc_dlc
FN:2254,2273,CanMatrix.rename_ecu
FNDA:0,CanMatrix.rename_ecu
FN:2275,2284,CanMatrix.add_ecu
FNDA:0,CanMatrix.add_ecu
FN:2287,2302,CanMatrix.del_ecu
FNDA:0,CanMatrix.del_ecu
FN:2304,2312,CanMatrix.update_ecu_list
FNDA:0,CanMatrix.update_ecu_list
FN:2314,2331,CanMatrix.rename_frame
FNDA:0,CanMatrix.rename_frame
FN:2333,2339,CanMatrix.del_frame
FNDA:0,CanMatrix.del_frame
FN:2341,2362,CanMatrix.rename_signal
FNDA:0,CanMatrix.rename_signal
FN:2364,2376,CanMatrix.del_signal
FNDA:0,CanMatrix.del_signal
FN:2378,2389,CanMatrix.add_signal_receiver
FNDA:0,CanMatrix.add_signal_receiver
FN:2391,2402,CanMatrix.del_signal_receiver
FNDA:0,CanMatrix.del_signal_receiver
FN:2404,2412,CanMatrix.add_frame_transmitter
FNDA:0,CanMatrix.add_frame_transmitter
FN:2414,2423,CanMatrix.add_frame_receiver
FNDA:0,CanMatrix.add_frame_receiver
FN:2425,2433,CanMatrix.del_frame_transmitter
FNDA:0,CanMatrix.del_frame_transmitter
FN:2435,2456,CanMatrix.merge
FNDA:0,CanMatrix.merge
FN:2458,2466,CanMatrix.set_fd_type
FNDA:0,CanMatrix.set_fd_type
FN:2468,2479,CanMatrix.encode
FNDA:0,CanMatrix.encode
FN:2481,2488,CanMatrix.decode_pycan
FNDA:0,CanMatrix.decode_pycan
FN:2490,2509,CanMatrix.decode
FNDA:0,CanMatrix.decode
FN:2511,2529,CanMatrix.enum_attribs_to_values
FNDA:0,CanMatrix.enum_attribs_to_values
FN:2531,2552,CanMatrix.enum_attribs_to_keys
FNDA:0,CanMatrix.enum_attribs_to_keys
FNF:170
FNH:0
end_of_record
SF:src\canmatrix\cli\__init__.py
end_of_record
SF:src\canmatrix\cli\compare.py
DA:24,0
DA:25,0
DA:26,0
DA:27,0
DA:29,0
DA:31,0
DA:33,0
DA:36,0
DA:37,0
DA:38,0
DA:39,0
DA:40,0
DA:41,0
DA:42,0
DA:43,0
DA:44,0
DA:45,0
DA:52,0
DA:53,0
DA:55,0
DA:57,0
DA:58,0
DA:61,0
DA:63,0
DA:64,0
DA:65,0
DA:67,0
DA:68,0
DA:69,0
DA:71,0
DA:73,0
DA:74,0
DA:76,0
DA:77,0
DA:79,0
DA:80,0
DA:82,0
DA:83,0
DA:88,0
DA:93,0
DA:94,0
DA:99,0
DA:100,0
DA:101,0
LF:44
LH:0
FN:45,101,cli_compare
FNDA:0,cli_compare
FNF:1
FNH:0
end_of_record
SF:src\canmatrix\cli\convert.py
DA:24,0
DA:25,0
DA:27,0
DA:29,0
DA:30,0
DA:32,0
DA:35,0
DA:36,0
DA:37,0
DA:38,0
DA:39,0
DA:40,0
DA:41,0
DA:42,0
DA:43,0
DA:46,0
DA:48,0
DA:49,0
DA:50,0
DA:51,0
DA:52,0
DA:54,0
DA:55,0
DA:56,0
DA:57,0
DA:58,0
DA:59,0
DA:60,0
DA:62,0
DA:63,0
DA:64,0
DA:65,0
DA:66,0
DA:67,0
DA:68,0
DA:69,0
DA:70,0
DA:71,0
DA:72,0
DA:73,0
DA:74,0
DA:75,0
DA:76,0
DA:77,0
DA:78,0
DA:79,0
DA:80,0
DA:81,0
DA:82,0
DA:83,0
DA:86,0
DA:87,0
DA:88,0
DA:89,0
DA:90,0
DA:94,0
DA:95,0
DA:96,0
DA:97,0
DA:98,0
DA:99,0
DA:103,0
DA:104,0
DA:105,0
DA:106,0
DA:107,0
DA:108,0
DA:109,0
DA:112,0
DA:115,0
DA:116,0
DA:118,0
DA:119,0
DA:121,0
DA:122,0
DA:123,0
DA:124,0
DA:126,0
DA:127,0
DA:128,0
DA:129,0
DA:131,0
DA:133,0
DA:134,0
DA:136,0
DA:137,0
DA:139,0
DA:148,0
DA:150,0
DA:152,0
DA:153,0
DA:155,0
DA:156,0
DA:157,0
DA:159,0
DA:161,0
DA:162,0
DA:163,0
DA:164,0
DA:165,0
DA:166,0
DA:168,0
DA:169,0
LF:103
LH:0
FN:35,43,get_formats
FNDA:0,get_formats
FN:139,169,cli_convert
FNDA:0,cli_convert
FNF:2
FNH:0
end_of_record
SF:src\canmatrix\compare.py
DA:22,0
DA:23,0
DA:24,0
DA:25,0
DA:27,0
DA:29,0
DA:31,0
DA:32,0
DA:33,0
DA:36,0
DA:37,0
DA:39,0
DA:40,0
DA:41,0
DA:42,0
DA:43,0
DA:45,0
DA:47,0
DA:49,0
DA:50,0
DA:51,0
DA:54,0
DA:55,0
DA:56,0
DA:57,0
DA:58,0
DA:59,0
DA:60,0
DA:61,0
DA:63,0
DA:66,0
DA:68,0
DA:69,0
DA:70,0
DA:71,0
DA:72,0
DA:73,0
DA:74,0
DA:75,0
DA:76,0
DA:78,0
DA:80,0
DA:81,0
DA:82,0
DA:83,0
DA:84,0
DA:85,0
DA:87,0
DA:88,0
DA:90,0
DA:92,0
DA:93,0
DA:94,0
DA:95,0
DA:97,0
DA:98,0
DA:99,0
DA:100,0
DA:101,0
DA:103,0
DA:104,0
DA:106,0
DA:111,0
DA:112,0
DA:113,0
DA:115,0
DA:116,0
DA:117,0
DA:119,0
DA:120,0
DA:121,0
DA:123,0
DA:124,0
DA:126,0
DA:127,0
DA:128,0
DA:134,0
DA:139,0
DA:140,0
DA:141,0
DA:147,0
DA:149,0
DA:152,0
DA:154,0
DA:155,0
DA:156,0
DA:157,0
DA:163,0
DA:164,0
DA:168,0
DA:169,0
DA:170,0
DA:176,0
DA:179,0
DA:181,0
DA:183,0
DA:184,0
DA:188,0
DA:189,0
DA:192,0
DA:193,0
DA:194,0
DA:195,0
DA:196,0
DA:197,0
DA:198,0
DA:199,0
DA:200,0
DA:201,0
DA:204,0
DA:206,0
DA:207,0
DA:208,0
DA:209,0
DA:216,0
DA:217,0
DA:218,0
DA:219,0
DA:224,0
DA:225,0
DA:229,0
DA:230,0
DA:231,0
DA:237,0
DA:240,0
DA:242,0
DA:243,0
DA:244,0
DA:245,0
DA:247,0
DA:248,0
DA:249,0
DA:250,0
DA:255,0
DA:256,0
DA:261,0
DA:262,0
DA:263,0
DA:268,0
DA:271,0
DA:273,0
DA:274,0
DA:275,0
DA:277,0
DA:278,0
DA:279,0
DA:284,0
DA:285,0
DA:287,0
DA:288,0
DA:291,0
DA:293,0
DA:294,0
DA:295,0
DA:297,0
DA:298,0
DA:299,0
DA:300,0
DA:302,0
DA:304,0
DA:305,0
DA:309,0
DA:310,0
DA:316,0
DA:317,0
DA:323,0
DA:324,0
DA:330,0
DA:331,0
DA:332,0
DA:333,0
DA:334,0
DA:335,0
DA:336,0
DA:341,0
DA:342,0
DA:343,0
DA:344,0
DA:346,0
DA:347,0
DA:349,0
DA:351,0
DA:352,0
DA:359,0
DA:360,0
DA:361,0
DA:362,0
DA:364,0
DA:366,0
DA:367,0
DA:368,0
DA:369,0
DA:372,0
DA:374,0
DA:375,0
DA:376,0
DA:378,0
DA:379,0
DA:385,0
DA:386,0
DA:392,0
DA:393,0
DA:397,0
DA:398,0
DA:402,0
DA:403,0
DA:407,0
DA:408,0
DA:412,0
DA:413,0
DA:419,0
DA:420,0
DA:426,0
DA:427,0
DA:429,0
DA:430,0
DA:434,0
DA:435,0
DA:436,0
DA:437,0
DA:442,0
DA:447,0
DA:448,0
DA:455,0
DA:456,0
DA:458,0
DA:460,0
DA:461,0
DA:463,0
DA:465,0
DA:468,0
DA:470,0
DA:471,0
DA:472,0
DA:473,0
DA:474,0
DA:475,0
DA:477,0
DA:478,0
DA:479,0
DA:480,0
DA:481,0
DA:482,0
DA:483,0
DA:484,0
DA:485,0
DA:486,0
DA:488,0
DA:489,0
DA:490,0
DA:491,0
DA:492,0
DA:496,0
DA:497,0
LF:254
LH:0
FN:45,47,CompareResult.add_child
FNDA:0,CompareResult.add_child
FN:50,51,CompareResult.children
FNDA:0,CompareResult.children
FN:54,63,propagate_changes
FNDA:0,propagate_changes
FN:66,149,compare_db
FNDA:0,compare_db
FN:152,176,compare_value_table
FNDA:0,compare_value_table
FN:179,201,compare_signal_group
FNDA:0,compare_signal_group
FN:204,237,compare_define_list
FNDA:0,compare_define_list
FN:240,268,compare_attributes
FNDA:0,compare_attributes
FN:271,288,compare_ecu
FNDA:0,compare_ecu
FN:291,369,compare_frame
FNDA:0,compare_frame
FN:372,465,compare_signal
FNDA:0,compare_signal
FN:468,497,dump_result
FNDA:0,dump_result
FNF:12
FNH:0
end_of_record
SF:src\canmatrix\convert\__init__.py
DA:2,0
DA:8,0
DA:9,0
DA:10,0
DA:11,0
DA:12,0
DA:13,0
DA:14,0
DA:15,0
DA:16,0
DA:17,0
DA:18,0
DA:21,0
DA:22,0
DA:23,0
DA:24,0
DA:25,0
DA:26,0
DA:27,0
DA:28,0
DA:29,0
DA:30,0
DA:31,0
DA:32,0
DA:33,0
LF:25
LH:0
FN:21,33,create_default_handler_registry
FNDA:0,create_default_handler_registry
FNF:1
FNH:0
end_of_record
SF:src\canmatrix\convert\_core.py
DA:22,0
DA:23,0
DA:24,0
DA:26,0
DA:27,0
DA:28,0
DA:30,0
DA:33,0
DA:45,0
DA:46,0
DA:47,0
DA:48,0
DA:49,0
DA:50,0
DA:51,0
DA:52,0
DA:53,0
DA:54,0
DA:55,0
DA:58,0
DA:64,0
DA:65,0
DA:66,0
DA:67,0
DA:68,0
DA:69,0
DA:70,0
DA:71,0
DA:72,0
DA:73,0
DA:74,0
DA:76,0
DA:77,0
DA:78,0
DA:80,0
DA:81,0
DA:82,0
DA:83,0
DA:86,0
DA:87,0
DA:88,0
DA:89,0
DA:90,0
DA:91,0
DA:92,0
DA:93,0
DA:94,0
DA:96,0
DA:97,0
DA:98,0
DA:99,0
DA:100,0
DA:101,0
DA:102,0
DA:103,0
DA:104,0
DA:105,0
DA:106,0
DA:107,0
DA:108,0
DA:109,0
DA:110,0
DA:113,0
DA:114,0
DA:116,0
DA:117,0
DA:118,0
DA:119,0
DA:120,0
DA:121,0
DA:122,0
DA:123,0
DA:124,0
DA:125,0
DA:126,0
DA:127,0
DA:128,0
DA:129,0
DA:130,0
DA:131,0
DA:132,0
DA:133,0
DA:134,0
DA:136,0
DA:137,0
DA:138,0
DA:141,0
DA:142,0
DA:143,0
DA:144,0
DA:146,0
DA:147,0
DA:148,0
DA:149,0
DA:151,0
DA:152,0
DA:154,0
DA:155,0
DA:156,0
DA:157,0
DA:159,0
DA:161,0
DA:162,0
DA:164,0
DA:166,0
DA:167,0
DA:170,0
DA:171,0
LF:108
LH:0
FN:33,55,fix_mojibake_gbk
FNDA:0,fix_mojibake_gbk
FN:58,83,apply_mojibake_fix_to_db
FNDA:0,apply_mojibake_fix_to_db
FN:86,110,convert_pdu_container_to_multiplexed
FNDA:0,convert_pdu_container_to_multiplexed
FN:113,138,_extract_items
FNDA:0,_extract_items
FN:141,171,convert
FNDA:0,convert
FNF:5
FNH:0
end_of_record
SF:src\canmatrix\convert\attribute_handler.py
DA:2,0
DA:4,0
DA:5,0
DA:8,0
DA:9,0
DA:10,0
DA:12,0
DA:14,0
DA:16,0
DA:19,0
DA:21,0
DA:22,0
DA:23,0
DA:25,0
DA:26,0
LF:15
LH:0
FN:10,12,AttributeHandler.name
FNDA:0,AttributeHandler.name
FN:14,17,AttributeHandler.should_run
FNDA:0,AttributeHandler.should_run
FN:19,26,AttributeHandler.handle
FNDA:0,AttributeHandler.handle
FNF:3
FNH:0
end_of_record
SF:src\canmatrix\convert\base.py
DA:2,0
DA:3,0
DA:4,0
DA:6,0
DA:8,0
DA:11,0
DA:12,0
DA:13,0
DA:14,0
DA:16,0
DA:18,0
DA:20,0
DA:22,0
DA:23,0
DA:25,0
DA:28,0
DA:29,0
DA:30,0
DA:32,0
DA:34,0
DA:36,0
DA:38,0
DA:39,0
DA:40,0
DA:41,0
LF:25
LH:0
FN:14,16,ConvertHandler.name
FNDA:0,ConvertHandler.name
FN:18,20,ConvertHandler.should_run
FNDA:0,ConvertHandler.should_run
FN:23,25,ConvertHandler.handle
FNDA:0,ConvertHandler.handle
FN:29,30,HandlerRegistry.__init__
FNDA:0,HandlerRegistry.__init__
FN:32,34,HandlerRegistry.register
FNDA:0,HandlerRegistry.register
FN:36,41,HandlerRegistry.execute_all
FNDA:0,HandlerRegistry.execute_all
FNF:6
FNH:0
end_of_record
SF:src\canmatrix\convert\dlc_handler.py
DA:2,0
DA:4,0
DA:5,0
DA:8,0
DA:9,0
DA:10,0
DA:12,0
DA:14,0
DA:16,0
DA:20,0
DA:22,0
DA:23,0
DA:25,0
DA:26,0
DA:31,0
DA:32,0
DA:34,0
DA:35,0
DA:36,0
DA:37,0
DA:42,0
DA:43,0
DA:44,0
DA:45,0
LF:24
LH:0
FN:10,12,DlcHandler.name
FNDA:0,DlcHandler.name
FN:14,18,DlcHandler.should_run
FNDA:0,DlcHandler.should_run
FN:20,45,DlcHandler.handle
FNDA:0,DlcHandler.handle
FNF:3
FNH:0
end_of_record
SF:src\canmatrix\convert\ecu_handler.py
DA:2,0
DA:4,0
DA:5,0
DA:8,0
DA:9,0
DA:10,0
DA:12,0
DA:14,0
DA:16,0
DA:20,0
DA:22,0
DA:23,0
DA:24,0
DA:25,0
DA:26,0
DA:27,0
DA:28,0
DA:29,0
DA:30,0
DA:31,0
DA:32,0
LF:21
LH:0
FN:10,12,EcuHandler.name
FNDA:0,EcuHandler.name
FN:14,18,EcuHandler.should_run
FNDA:0,EcuHandler.should_run
FN:20,32,EcuHandler.handle
FNDA:0,EcuHandler.handle
FNF:3
FNH:0
end_of_record
SF:src\canmatrix\convert\frame_handler.py
DA:2,0
DA:3,0
DA:5,0
DA:6,0
DA:8,0
DA:11,0
DA:12,0
DA:13,0
DA:15,0
DA:17,0
DA:19,0
DA:29,0
DA:31,0
DA:32,0
DA:33,0
DA:34,0
DA:35,0
DA:37,0
DA:38,0
DA:39,0
DA:40,0
DA:42,0
DA:43,0
DA:44,0
DA:45,0
DA:46,0
DA:47,0
DA:48,0
DA:49,0
DA:50,0
DA:52,0
DA:53,0
DA:54,0
DA:55,0
DA:57,0
DA:58,0
DA:59,0
DA:60,0
DA:61,0
DA:62,0
DA:63,0
DA:65,0
DA:67,0
DA:68,0
DA:69,0
DA:70,0
DA:71,0
DA:72,0
DA:74,0
DA:75,0
DA:76,0
DA:77,0
DA:78,0
DA:79,0
DA:80,0
DA:82,0
DA:83,0
DA:84,0
DA:85,0
DA:86,0
DA:87,0
DA:89,0
DA:90,0
DA:91,0
LF:64
LH:0
FN:13,15,FrameHandler.name
FNDA:0,FrameHandler.name
FN:17,27,FrameHandler.should_run
FNDA:0,FrameHandler.should_run
FN:29,91,FrameHandler.handle
FNDA:0,FrameHandler.handle
FNF:3
FNH:0
end_of_record
SF:src\canmatrix\convert\merge_handler.py
DA:2,0
DA:4,0
DA:5,0
DA:6,0
DA:7,0
DA:10,0
DA:11,0
DA:12,0
DA:14,0
DA:16,0
DA:18,0
DA:20,0
DA:22,0
DA:23,0
DA:24,0
DA:25,0
DA:26,0
DA:27,0
DA:28,0
DA:29,0
DA:30,0
DA:31,0
DA:33,0
DA:34,0
DA:35,0
LF:25
LH:0
FN:12,14,MergeHandler.name
FNDA:0,MergeHandler.name
FN:16,18,MergeHandler.should_run
FNDA:0,MergeHandler.should_run
FN:20,35,MergeHandler.handle
FNDA:0,MergeHandler.handle
FNF:3
FNH:0
end_of_record
SF:src\canmatrix\convert\pdu_handler.py
DA:2,0
DA:3,0
DA:4,0
DA:6,0
DA:7,0
DA:9,0
DA:12,0
DA:14,0
DA:15,0
DA:16,0
DA:17,0
DA:18,0
DA:19,0
DA:20,0
DA:21,0
DA:23,0
DA:24,0
DA:25,0
DA:26,0
DA:27,0
DA:28,0
DA:29,0
DA:30,0
DA:31,0
DA:32,0
DA:33,0
DA:34,0
DA:35,0
DA:36,0
DA:37,0
DA:40,0
DA:41,0
DA:42,0
DA:44,0
DA:46,0
DA:48,0
DA:50,0
DA:52,0
DA:57,0
DA:58,0
DA:59,0
DA:61,0
DA:62,0
DA:63,0
DA:64,0
DA:65,0
LF:46
LH:0
FN:12,37,_convert_pdu_container_to_multiplexed
FNDA:0,_convert_pdu_container_to_multiplexed
FN:42,44,PduHandler.name
FNDA:0,PduHandler.name
FN:46,48,PduHandler.should_run
FNDA:0,PduHandler.should_run
FN:50,65,PduHandler.handle
FNDA:0,PduHandler.handle
FNF:4
FNH:0
end_of_record
SF:src\canmatrix\convert\protocol_handler.py
DA:2,0
DA:4,0
DA:5,0
DA:8,0
DA:9,0
DA:10,0
DA:12,0
DA:14,0
DA:16,0
DA:19,0
DA:21,0
DA:22,0
DA:23,0
DA:24,0
DA:26,0
DA:27,0
DA:28,0
DA:29,0
LF:18
LH:0
FN:10,12,ProtocolHandler.name
FNDA:0,ProtocolHandler.name
FN:14,17,ProtocolHandler.should_run
FNDA:0,ProtocolHandler.should_run
FN:19,29,ProtocolHandler.handle
FNDA:0,ProtocolHandler.handle
FNF:3
FNH:0
end_of_record
SF:src\canmatrix\convert\signal_handler.py
DA:2,0
DA:4,0
DA:5,0
DA:8,0
DA:9,0
DA:10,0
DA:12,0
DA:14,0
DA:16,0
DA:23,0
DA:25,0
DA:26,0
DA:27,0
DA:28,0
DA:29,0
DA:31,0
DA:32,0
DA:33,0
DA:34,0
DA:36,0
DA:37,0
DA:39,0
DA:40,0
DA:41,0
DA:43,0
DA:44,0
DA:45,0
DA:46,0
DA:47,0
DA:48,0
DA:50,0
DA:51,0
DA:52,0
LF:33
LH:0
FN:10,12,SignalHandler.name
FNDA:0,SignalHandler.name
FN:14,21,SignalHandler.should_run
FNDA:0,SignalHandler.should_run
FN:23,52,SignalHandler.handle
FNDA:0,SignalHandler.handle
FNF:3
FNH:0
end_of_record
SF:src\canmatrix\convert\signal_value_handler.py
DA:2,0
DA:4,0
DA:5,0
DA:8,0
DA:9,0
DA:10,0
DA:12,0
DA:14,0
DA:16,0
DA:20,0
DA:22,0
DA:23,0
DA:24,0
DA:25,0
DA:26,0
DA:28,0
DA:29,0
DA:30,0
DA:31,0
DA:33,0
DA:34,0
DA:35,0
DA:36,0
LF:23
LH:0
FN:10,12,SignalValueHandler.name
FNDA:0,SignalValueHandler.name
FN:14,18,SignalValueHandler.should_run
FNDA:0,SignalValueHandler.should_run
FN:20,36,SignalValueHandler.handle
FNDA:0,SignalValueHandler.handle
FNF:3
FNH:0
end_of_record
SF:src\canmatrix\convert\validation_handler.py
DA:2,0
DA:3,0
DA:5,0
DA:6,0
DA:8,0
DA:11,0
DA:12,0
DA:13,0
DA:15,0
DA:17,0
DA:19,0
DA:25,0
DA:27,0
DA:28,0
DA:29,0
DA:30,0
DA:31,0
DA:33,0
DA:34,0
DA:35,0
DA:36,0
DA:37,0
DA:39,0
DA:40,0
DA:41,0
DA:42,0
DA:44,0
DA:45,0
DA:46,0
DA:47,0
DA:48,0
DA:50,0
DA:51,0
DA:52,0
DA:53,0
DA:54,0
LF:36
LH:0
FN:13,15,ValidationHandler.name
FNDA:0,ValidationHandler.name
FN:17,23,ValidationHandler.should_run
FNDA:0,ValidationHandler.should_run
FN:25,54,ValidationHandler.handle
FNDA:0,ValidationHandler.handle
FNF:3
FNH:0
end_of_record
SF:src\canmatrix\copy.py
DA:22,1
DA:23,1
DA:24,1
DA:25,1
DA:27,1
DA:29,1
DA:31,1
DA:42,0
DA:43,0
DA:45,0
DA:47,0
DA:48,0
DA:50,0
DA:51,0
DA:52,0
DA:53,0
DA:54,0
DA:56,0
DA:59,0
DA:61,0
DA:63,0
DA:64,0
DA:65,0
DA:66,0
DA:67,0
DA:70,1
DA:83,0
DA:84,0
DA:86,0
DA:88,0
DA:89,0
DA:90,0
DA:93,0
DA:94,0
DA:95,0
DA:96,0
DA:99,0
DA:100,0
DA:101,0
DA:102,0
DA:103,0
DA:104,0
DA:106,0
DA:108,0
DA:110,0
DA:111,0
DA:112,0
DA:113,0
DA:114,0
DA:115,0
DA:116,0
DA:117,0
DA:118,0
DA:119,0
DA:120,0
DA:122,1
DA:132,0
DA:133,0
DA:134,0
DA:135,0
DA:137,0
DA:138,0
DA:140,0
DA:143,0
DA:144,0
DA:145,0
DA:146,0
DA:147,0
DA:149,0
DA:151,0
DA:156,1
DA:166,0
DA:168,0
DA:169,0
DA:171,0
DA:173,0
DA:176,0
DA:180,0
DA:181,0
DA:182,0
DA:183,0
DA:184,0
DA:187,0
DA:189,0
DA:190,0
DA:191,0
DA:192,0
DA:193,0
DA:196,0
DA:197,0
DA:198,0
DA:199,0
DA:200,0
DA:202,0
DA:205,0
DA:207,0
DA:209,0
DA:210,0
DA:211,0
DA:212,0
DA:213,0
DA:216,0
DA:218,0
DA:219,0
DA:220,0
DA:221,0
DA:223,0
DA:226,0
DA:227,0
DA:228,0
DA:229,0
DA:230,0
DA:232,0
DA:234,0
DA:236,0
LF:115
LH:10
FN:31,67,copy_ecu
FNDA:0,copy_ecu
FN:70,120,copy_ecu_with_frames
FNDA:0,copy_ecu_with_frames
FN:122,151,copy_signal
FNDA:0,copy_signal
FN:156,236,copy_frame
FNDA:0,copy_frame
FNF:4
FNH:0
end_of_record
SF:src\canmatrix\formats\__init__.py
DA:3,1
DA:4,1
DA:5,1
DA:6,1
DA:7,1
DA:8,1
DA:9,1
DA:11,1
DA:12,1
DA:14,1
DA:15,1
DA:17,1
DA:18,1
DA:19,1
DA:21,1
DA:22,1
DA:23,1
DA:24,1
DA:25,0
DA:26,0
DA:28,1
DA:29,1
DA:30,1
DA:31,1
DA:32,1
DA:33,1
DA:34,1
DA:35,1
DA:36,0
DA:37,1
DA:38,0
DA:39,1
DA:40,0
DA:41,0
DA:43,1
DA:46,1
DA:48,0
DA:49,0
DA:50,0
DA:53,1
DA:55,0
DA:56,0
DA:59,1
DA:61,0
DA:62,0
DA:63,0
DA:64,0
DA:65,0
DA:66,0
DA:68,0
DA:69,0
DA:71,0
DA:72,0
DA:75,1
DA:77,0
DA:78,0
DA:81,1
DA:83,0
DA:84,0
DA:85,0
DA:86,0
DA:88,0
DA:89,0
DA:90,0
DA:92,0
DA:93,0
DA:96,1
DA:98,0
DA:99,0
DA:102,1
DA:104,0
DA:105,0
DA:106,0
DA:107,0
DA:108,0
DA:111,1
DA:113,0
DA:114,0
DA:115,0
DA:116,0
DA:117,0
DA:118,0
DA:119,0
DA:120,0
DA:121,0
DA:123,0
DA:124,0
DA:125,0
DA:126,0
DA:128,0
DA:129,0
DA:130,0
DA:131,0
DA:132,0
DA:134,0
LF:95
LH:37
FN:46,50,loads
FNDA:0,loads
FN:53,56,loads_flat
FNDA:0,loads_flat
FN:59,72,loadp
FNDA:0,loadp
FN:75,78,loadp_flat
FNDA:0,loadp_flat
FN:81,93,load
FNDA:0,load
FN:96,99,load_flat
FNDA:0,load_flat
FN:102,108,dump
FNDA:0,dump
FN:111,134,dumpp
FNDA:0,dumpp
FNF:8
FNH:0
end_of_record
SF:src\canmatrix\formats\arxml.py
DA:28,0
DA:29,0
DA:30,0
DA:31,0
DA:32,0
DA:33,0
DA:35,0
DA:37,0
DA:38,0
DA:39,0
DA:40,0
DA:42,0
DA:44,0
DA:45,0
DA:49,0
DA:50,0
DA:51,0
DA:54,0
DA:55,0
DA:56,0
DA:57,0
DA:58,0
DA:59,0
DA:61,0
DA:62,0
DA:63,0
DA:64,0
DA:65,0
DA:66,0
DA:67,0
DA:68,0
DA:69,0
DA:70,0
DA:71,0
DA:72,0
DA:73,0
DA:74,0
DA:75,0
DA:76,0
DA:77,0
DA:78,0
DA:80,0
DA:81,0
DA:82,0
DA:84,0
DA:85,0
DA:86,0
DA:88,0
DA:89,0
DA:90,0
DA:91,0
DA:93,0
DA:94,0
DA:95,0
DA:96,0
DA:98,0
DA:99,0
DA:102,0
DA:103,0
DA:105,0
DA:106,0
DA:107,0
DA:108,0
DA:110,0
DA:112,0
DA:114,0
DA:115,0
DA:116,0
DA:117,0
DA:118,0
DA:119,0
DA:120,0
DA:121,0
DA:123,0
DA:124,0
DA:125,0
DA:126,0
DA:127,0
DA:128,0
DA:129,0
DA:130,0
DA:132,0
DA:133,0
DA:134,0
DA:135,0
DA:136,0
DA:137,0
DA:139,0
DA:140,0
DA:141,0
DA:143,0
DA:144,0
DA:145,0
DA:146,0
DA:147,0
DA:148,0
DA:149,0
DA:151,0
DA:152,0
DA:153,0
DA:155,0
DA:158,0
DA:160,0
DA:161,0
DA:162,0
DA:163,0
DA:164,0
DA:165,0
DA:167,0
DA:168,0
DA:169,0
DA:170,0
DA:171,0
DA:172,0
DA:173,0
DA:174,0
DA:176,0
DA:177,0
DA:179,0
DA:180,0
DA:182,0
DA:184,0
DA:185,0
DA:186,0
DA:187,0
DA:188,0
DA:189,0
DA:191,0
DA:194,0
DA:195,0
DA:196,0
DA:197,0
DA:199,0
DA:203,0
DA:204,0
DA:205,0
DA:206,0
DA:207,0
DA:208,0
DA:210,0
DA:211,0
DA:213,0
DA:215,0
DA:216,0
DA:217,0
DA:218,0
DA:219,0
DA:220,0
DA:221,0
DA:222,0
DA:223,0
DA:225,0
DA:228,0
DA:229,0
DA:230,0
DA:231,0
DA:232,0
DA:233,0
DA:234,0
DA:235,0
DA:236,0
DA:237,0
DA:238,0
DA:240,0
DA:242,0
DA:244,0
DA:245,0
DA:246,0
DA:248,0
DA:250,0
DA:252,0
DA:253,0
DA:254,0
DA:255,0
DA:256,0
DA:257,0
DA:258,0
DA:259,0
DA:261,0
DA:262,0
DA:263,0
DA:264,0
DA:265,0
DA:266,0
DA:267,0
DA:269,0
DA:270,0
DA:271,0
DA:273,0
DA:274,0
DA:276,0
DA:277,0
DA:279,0
DA:280,0
DA:283,0
DA:284,0
DA:285,0
DA:286,0
DA:287,0
DA:288,0
DA:290,0
DA:291,0
DA:292,0
DA:293,0
DA:294,0
DA:295,0
DA:296,0
DA:297,0
DA:298,0
DA:300,0
DA:301,0
DA:302,0
DA:304,0
DA:305,0
DA:306,0
DA:307,0
DA:310,0
DA:313,0
DA:314,0
DA:315,0
DA:316,0
DA:317,0
DA:318,0
DA:332,0
DA:333,0
DA:334,0
DA:335,0
DA:337,0
DA:339,0
DA:340,0
DA:341,0
DA:342,0
DA:344,0
DA:345,0
DA:346,0
DA:347,0
DA:350,0
DA:352,0
DA:353,0
DA:354,0
DA:355,0
DA:356,0
DA:357,0
DA:360,0
DA:363,0
DA:364,0
DA:365,0
DA:366,0
DA:368,0
DA:369,0
DA:371,0
DA:372,0
DA:373,0
DA:375,0
DA:376,0
DA:377,0
DA:378,0
DA:379,0
DA:381,0
DA:382,0
DA:383,0
DA:384,0
DA:385,0
DA:387,0
DA:388,0
DA:390,0
DA:391,0
DA:393,0
DA:394,0
DA:395,0
DA:398,0
DA:400,0
DA:402,0
DA:403,0
DA:404,0
DA:405,0
DA:406,0
DA:407,0
DA:409,0
DA:410,0
DA:411,0
DA:416,0
DA:418,0
DA:420,0
DA:421,0
DA:426,0
DA:428,0
DA:433,0
DA:434,0
DA:435,0
DA:437,0
DA:438,0
DA:443,0
DA:444,0
DA:446,0
DA:448,0
DA:449,0
DA:450,0
DA:452,0
DA:453,0
DA:454,0
DA:455,0
DA:457,0
DA:458,0
DA:459,0
DA:460,0
DA:461,0
DA:462,0
DA:463,0
DA:464,0
DA:465,0
DA:466,0
DA:467,0
DA:468,0
DA:469,0
DA:470,0
DA:471,0
DA:473,0
DA:474,0
DA:476,0
DA:477,0
DA:478,0
DA:479,0
DA:480,0
DA:481,0
DA:484,0
DA:485,0
DA:486,0
DA:487,0
DA:488,0
DA:491,0
DA:492,0
DA:494,0
DA:496,0
DA:497,0
DA:498,0
DA:499,0
DA:501,0
DA:503,0
DA:504,0
DA:505,0
DA:506,0
DA:507,0
DA:509,0
DA:510,0
DA:511,0
DA:513,0
DA:514,0
DA:515,0
DA:516,0
DA:517,0
DA:518,0
DA:519,0
DA:520,0
DA:522,0
DA:523,0
DA:528,0
DA:531,0
DA:532,0
DA:533,0
DA:534,0
DA:536,0
DA:537,0
DA:538,0
DA:539,0
DA:540,0
DA:541,0
DA:546,0
DA:548,0
DA:549,0
DA:550,0
DA:551,0
DA:553,0
DA:554,0
DA:559,0
DA:575,0
DA:576,0
DA:577,0
DA:579,0
DA:581,0
DA:582,0
DA:583,0
DA:585,0
DA:586,0
DA:587,0
DA:589,0
DA:590,0
DA:592,0
DA:593,0
DA:594,0
DA:595,0
DA:596,0
DA:597,0
DA:598,0
DA:599,0
DA:600,0
DA:601,0
DA:602,0
DA:603,0
DA:604,0
DA:605,0
DA:607,0
DA:608,0
DA:610,0
DA:615,0
DA:616,0
DA:617,0
DA:618,0
DA:619,0
DA:620,0
DA:621,0
DA:622,0
DA:624,0
DA:625,0
DA:626,0
DA:627,0
DA:629,0
DA:630,0
DA:631,0
DA:634,0
DA:635,0
DA:637,0
DA:639,0
DA:640,0
DA:641,0
DA:643,0
DA:644,0
DA:645,0
DA:650,0
DA:654,0
DA:656,0
DA:657,0
DA:658,0
DA:663,0
DA:667,0
DA:669,0
DA:673,0
DA:674,0
DA:675,0
DA:676,0
DA:683,0
DA:684,0
DA:685,0
DA:686,0
DA:687,0
DA:688,0
DA:689,0
DA:690,0
DA:692,0
DA:693,0
DA:694,0
DA:695,0
DA:696,0
DA:698,0
DA:700,0
DA:702,0
DA:705,0
DA:706,0
DA:707,0
DA:708,0
DA:709,0
DA:713,0
DA:714,0
DA:719,0
DA:720,0
DA:722,0
DA:723,0
DA:724,0
DA:725,0
DA:726,0
DA:732,0
DA:733,0
DA:734,0
DA:735,0
DA:736,0
DA:737,0
DA:738,0
DA:739,0
DA:741,0
DA:742,0
DA:743,0
DA:744,0
DA:745,0
DA:746,0
DA:747,0
DA:748,0
DA:749,0
DA:750,0
DA:752,0
DA:753,0
DA:755,0
DA:756,0
DA:760,0
DA:761,0
DA:762,0
DA:763,0
DA:764,0
DA:765,0
DA:767,0
DA:768,0
DA:775,0
DA:776,0
DA:777,0
DA:779,0
DA:780,0
DA:781,0
DA:782,0
DA:783,0
DA:784,0
DA:786,0
DA:787,0
DA:788,0
DA:790,0
DA:791,0
DA:792,0
DA:794,0
DA:795,0
DA:796,0
DA:797,0
DA:799,0
DA:800,0
DA:803,0
DA:804,0
DA:805,0
DA:806,0
DA:807,0
DA:808,0
DA:810,0
DA:811,0
DA:812,0
DA:813,0
DA:814,0
DA:815,0
DA:816,0
DA:817,0
DA:818,0
DA:819,0
DA:821,0
DA:822,0
DA:824,0
DA:825,0
DA:826,0
DA:827,0
DA:828,0
DA:829,0
DA:830,0
DA:831,0
DA:832,0
DA:834,0
DA:835,0
DA:836,0
DA:838,0
DA:840,0
DA:841,0
DA:842,0
DA:843,0
DA:844,0
DA:845,0
DA:846,0
DA:847,0
DA:848,0
DA:849,0
DA:850,0
DA:852,0
DA:855,0
DA:856,0
DA:857,0
DA:858,0
DA:859,0
DA:860,0
DA:862,0
DA:863,0
DA:864,0
DA:865,0
DA:866,0
DA:867,0
DA:868,0
DA:869,0
DA:871,0
DA:872,0
DA:873,0
DA:874,0
DA:876,0
DA:877,0
DA:882,0
DA:883,0
DA:884,0
DA:885,0
DA:886,0
DA:887,0
DA:888,0
DA:889,0
DA:890,0
DA:891,0
DA:892,0
DA:893,0
DA:894,0
DA:896,0
DA:897,0
DA:899,0
DA:900,0
DA:902,0
DA:903,0
DA:904,0
DA:906,0
DA:907,0
DA:909,0
DA:910,0
DA:912,0
DA:913,0
DA:914,0
DA:916,0
DA:917,0
DA:918,0
DA:919,0
DA:920,0
DA:921,0
DA:922,0
DA:923,0
DA:926,0
DA:927,0
DA:928,0
DA:930,0
DA:932,0
DA:933,0
DA:934,0
DA:935,0
DA:936,0
DA:937,0
DA:938,0
DA:939,0
DA:940,0
DA:941,0
DA:944,0
DA:945,0
DA:946,0
DA:947,0
DA:949,0
DA:951,0
DA:952,0
DA:954,0
DA:955,0
DA:956,0
DA:959,0
DA:962,0
DA:964,0
DA:965,0
DA:966,0
DA:969,0
DA:971,0
DA:976,0
DA:977,0
DA:978,0
DA:979,0
DA:980,0
DA:981,0
DA:983,0
DA:985,0
DA:986,0
DA:988,0
DA:989,0
DA:990,0
DA:991,0
DA:994,0
DA:995,0
DA:996,0
DA:997,0
DA:1000,0
DA:1001,0
DA:1002,0
DA:1003,0
DA:1004,0
DA:1006,0
DA:1007,0
DA:1008,0
DA:1011,0
DA:1012,0
DA:1013,0
DA:1014,0
DA:1015,0
DA:1016,0
DA:1017,0
DA:1018,0
DA:1021,0
DA:1029,0
DA:1032,0
DA:1034,0
DA:1037,0
DA:1038,0
DA:1039,0
DA:1040,0
DA:1041,0
DA:1042,0
DA:1043,0
DA:1045,0
DA:1047,0
DA:1048,0
DA:1049,0
DA:1051,0
DA:1052,0
DA:1054,0
DA:1056,0
DA:1059,0
DA:1061,0
DA:1062,0
DA:1063,0
DA:1065,0
DA:1066,0
DA:1068,0
DA:1069,0
DA:1070,0
DA:1071,0
DA:1072,0
DA:1073,0
DA:1074,0
DA:1075,0
DA:1076,0
DA:1078,0
DA:1084,0
DA:1085,0
DA:1086,0
DA:1087,0
DA:1089,0
DA:1091,0
DA:1095,0
DA:1098,0
DA:1099,0
DA:1100,0
DA:1101,0
DA:1102,0
DA:1103,0
DA:1104,0
DA:1105,0
DA:1106,0
DA:1107,0
DA:1108,0
DA:1110,0
DA:1111,0
DA:1113,0
DA:1115,0
DA:1116,0
DA:1117,0
DA:1120,0
DA:1121,0
DA:1122,0
DA:1123,0
DA:1124,0
DA:1125,0
DA:1126,0
DA:1127,0
DA:1128,0
DA:1129,0
DA:1130,0
DA:1131,0
DA:1132,0
DA:1133,0
DA:1134,0
DA:1135,0
DA:1136,0
DA:1138,0
DA:1139,0
DA:1140,0
DA:1142,0
DA:1144,0
DA:1145,0
DA:1146,0
DA:1149,0
DA:1150,0
DA:1151,0
DA:1152,0
DA:1155,0
DA:1163,0
DA:1164,0
DA:1165,0
DA:1166,0
DA:1167,0
DA:1168,0
DA:1169,0
DA:1172,0
DA:1174,0
DA:1175,0
DA:1176,0
DA:1178,0
DA:1179,0
DA:1180,0
DA:1181,0
DA:1182,0
DA:1183,0
DA:1184,0
DA:1185,0
DA:1186,0
DA:1187,0
DA:1188,0
DA:1195,0
DA:1197,0
DA:1198,0
DA:1199,0
DA:1200,0
DA:1204,0
DA:1206,0
DA:1207,0
DA:1208,0
DA:1209,0
DA:1210,0
DA:1211,0
DA:1213,0
DA:1214,0
DA:1215,0
DA:1216,0
DA:1217,0
DA:1218,0
DA:1219,0
DA:1220,0
DA:1223,0
DA:1224,0
DA:1225,0
DA:1226,0
DA:1227,0
DA:1228,0
DA:1229,0
DA:1230,0
DA:1231,0
DA:1232,0
DA:1233,0
DA:1234,0
DA:1235,0
DA:1236,0
DA:1238,0
DA:1239,0
DA:1240,0
DA:1241,0
DA:1242,0
DA:1243,0
DA:1244,0
DA:1245,0
DA:1246,0
DA:1247,0
DA:1249,0
DA:1251,0
DA:1252,0
DA:1254,0
DA:1255,0
DA:1256,0
DA:1258,0
DA:1259,0
DA:1261,0
DA:1262,0
DA:1263,0
DA:1265,0
DA:1266,0
DA:1268,0
DA:1270,0
DA:1271,0
DA:1272,0
DA:1273,0
DA:1274,0
DA:1275,0
DA:1276,0
DA:1277,0
DA:1278,0
DA:1279,0
DA:1280,0
DA:1281,0
DA:1284,0
DA:1285,0
DA:1286,0
DA:1288,0
DA:1289,0
DA:1290,0
DA:1291,0
DA:1292,0
DA:1293,0
DA:1294,0
DA:1296,0
DA:1297,0
DA:1298,0
DA:1299,0
DA:1301,0
DA:1302,0
DA:1303,0
DA:1305,0
DA:1306,0
DA:1307,0
DA:1309,0
DA:1311,0
DA:1312,0
DA:1313,0
DA:1314,0
DA:1316,0
DA:1317,0
DA:1319,0
DA:1321,0
DA:1322,0
DA:1323,0
DA:1324,0
DA:1325,0
DA:1326,0
DA:1328,0
DA:1329,0
DA:1330,0
DA:1331,0
DA:1332,0
DA:1333,0
DA:1334,0
DA:1335,0
DA:1336,0
DA:1337,0
DA:1338,0
DA:1343,0
DA:1344,0
DA:1345,0
DA:1348,0
DA:1350,0
DA:1351,0
DA:1352,0
DA:1353,0
DA:1354,0
DA:1355,0
DA:1357,0
DA:1358,0
DA:1359,0
DA:1361,0
DA:1363,0
DA:1365,0
DA:1366,0
DA:1367,0
DA:1368,0
DA:1370,0
DA:1372,0
DA:1373,0
DA:1377,0
DA:1378,0
DA:1379,0
DA:1380,0
DA:1381,0
DA:1382,0
DA:1383,0
DA:1385,0
DA:1386,0
DA:1387,0
DA:1389,0
DA:1391,0
DA:1392,0
DA:1393,0
DA:1394,0
DA:1396,0
DA:1398,0
DA:1399,0
DA:1400,0
DA:1401,0
DA:1402,0
DA:1403,0
DA:1404,0
DA:1406,0
DA:1408,0
DA:1409,0
DA:1410,0
DA:1411,0
DA:1413,0
DA:1414,0
DA:1428,0
DA:1429,0
DA:1430,0
DA:1431,0
DA:1433,0
DA:1435,0
DA:1437,0
DA:1438,0
DA:1439,0
DA:1441,0
DA:1442,0
DA:1453,0
DA:1454,0
DA:1455,0
DA:1457,0
DA:1458,0
DA:1460,0
DA:1461,0
DA:1462,0
DA:1463,0
DA:1467,0
DA:1468,0
DA:1470,0
DA:1471,0
DA:1472,0
DA:1473,0
DA:1474,0
DA:1475,0
DA:1476,0
DA:1477,0
DA:1478,0
DA:1479,0
DA:1481,0
DA:1482,0
DA:1483,0
DA:1485,0
DA:1486,0
DA:1487,0
DA:1488,0
DA:1495,0
DA:1498,0
DA:1500,0
DA:1501,0
DA:1502,0
DA:1504,0
DA:1506,0
DA:1507,0
DA:1514,0
DA:1515,0
DA:1516,0
DA:1517,0
DA:1518,0
DA:1519,0
DA:1520,0
DA:1521,0
DA:1523,0
DA:1525,0
DA:1531,0
DA:1532,0
DA:1533,0
DA:1534,0
DA:1535,0
DA:1536,0
DA:1537,0
DA:1538,0
DA:1539,0
DA:1541,0
DA:1545,0
DA:1547,0
DA:1548,0
DA:1549,0
DA:1550,0
DA:1551,0
DA:1555,0
DA:1556,0
DA:1557,0
DA:1566,0
DA:1567,0
DA:1568,0
DA:1570,0
DA:1571,0
DA:1573,0
DA:1577,0
DA:1578,0
DA:1579,0
DA:1580,0
DA:1581,0
DA:1582,0
DA:1583,0
DA:1584,0
DA:1585,0
DA:1589,0
DA:1590,0
DA:1591,0
DA:1592,0
DA:1594,0
DA:1595,0
DA:1596,0
DA:1597,0
DA:1599,0
DA:1600,0
DA:1602,0
DA:1603,0
DA:1605,0
DA:1606,0
DA:1607,0
DA:1608,0
DA:1610,0
DA:1611,0
DA:1612,0
DA:1613,0
DA:1615,0
DA:1616,0
DA:1618,0
DA:1619,0
DA:1621,0
DA:1622,0
DA:1624,0
DA:1625,0
DA:1626,0
DA:1628,0
DA:1629,0
DA:1630,0
DA:1631,0
DA:1632,0
DA:1633,0
DA:1635,0
DA:1636,0
DA:1638,0
DA:1653,0
DA:1656,0
DA:1669,0
DA:1670,0
DA:1671,0
DA:1684,0
DA:1685,0
DA:1687,0
DA:1690,0
DA:1691,0
DA:1693,0
DA:1694,0
DA:1695,0
DA:1697,0
DA:1698,0
DA:1699,0
DA:1701,0
DA:1704,0
DA:1705,0
DA:1706,0
DA:1713,0
DA:1715,0
DA:1716,0
DA:1717,0
DA:1724,0
DA:1725,0
DA:1726,0
DA:1727,0
DA:1734,0
DA:1737,0
DA:1739,0
DA:1740,0
DA:1741,0
DA:1743,0
DA:1747,0
DA:1748,0
DA:1749,0
DA:1754,0
DA:1759,0
DA:1760,0
DA:1761,0
DA:1762,0
DA:1763,0
DA:1764,0
DA:1765,0
DA:1766,0
DA:1767,0
DA:1768,0
DA:1771,0
DA:1772,0
DA:1773,0
DA:1774,0
DA:1775,0
DA:1777,0
DA:1780,0
DA:1781,0
DA:1790,0
DA:1791,0
DA:1792,0
DA:1796,0
DA:1797,0
DA:1798,0
DA:1799,0
DA:1800,0
DA:1801,0
DA:1802,0
DA:1803,0
DA:1804,0
DA:1805,0
DA:1807,0
DA:1808,0
DA:1809,0
DA:1810,0
DA:1815,0
DA:1816,0
DA:1817,0
DA:1818,0
DA:1819,0
DA:1821,0
DA:1823,0
DA:1824,0
DA:1825,0
DA:1826,0
DA:1827,0
DA:1828,0
DA:1829,0
DA:1830,0
DA:1831,0
DA:1839,0
DA:1841,0
DA:1842,0
DA:1843,0
DA:1851,0
DA:1852,0
DA:1853,0
DA:1855,0
DA:1858,0
DA:1860,0
DA:1861,0
DA:1862,0
DA:1863,0
DA:1864,0
DA:1865,0
DA:1866,0
DA:1867,0
DA:1868,0
DA:1869,0
DA:1870,0
DA:1871,0
DA:1873,0
DA:1874,0
DA:1875,0
DA:1876,0
DA:1877,0
DA:1879,0
DA:1880,0
DA:1881,0
DA:1882,0
DA:1883,0
DA:1884,0
DA:1885,0
DA:1887,0
DA:1888,0
DA:1889,0
DA:1890,0
DA:1891,0
DA:1892,0
DA:1893,0
DA:1896,0
DA:1901,0
DA:1902,0
DA:1903,0
DA:1904,0
DA:1905,0
DA:1906,0
DA:1907,0
DA:1908,0
DA:1910,0
DA:1912,0
DA:1915,0
DA:1917,0
DA:1919,0
DA:1920,0
DA:1921,0
DA:1922,0
DA:1923,0
DA:1924,0
DA:1925,0
DA:1927,0
DA:1928,0
DA:1929,0
DA:1930,0
DA:1931,0
DA:1933,0
DA:1934,0
DA:1936,0
DA:1937,0
DA:1938,0
DA:1941,0
DA:1942,0
DA:1943,0
DA:1944,0
DA:1947,0
DA:1952,0
DA:1953,0
DA:1963,0
DA:1965,0
DA:1969,0
DA:1972,0
DA:1973,0
DA:1974,0
DA:1975,0
DA:1977,0
DA:1978,0
DA:1981,0
DA:1982,0
DA:1983,0
DA:1984,0
DA:1986,0
DA:1987,0
DA:1988,0
DA:1989,0
DA:1991,0
DA:1992,0
DA:1993,0
DA:1995,0
DA:1996,0
DA:1998,0
DA:1999,0
DA:2001,0
DA:2002,0
DA:2004,0
DA:2006,0
DA:2007,0
DA:2008,0
DA:2010,0
DA:2011,0
DA:2013,0
DA:2014,0
DA:2015,0
DA:2016,0
DA:2018,0
DA:2019,0
DA:2021,0
DA:2024,0
DA:2025,0
DA:2026,0
DA:2028,0
DA:2029,0
DA:2032,0
DA:2033,0
DA:2034,0
DA:2038,0
DA:2042,0
DA:2045,0
DA:2056,0
DA:2057,0
DA:2058,0
DA:2061,0
DA:2062,0
DA:2063,0
DA:2064,0
DA:2066,0
DA:2069,0
DA:2072,0
DA:2073,0
DA:2074,0
DA:2075,0
DA:2076,0
DA:2077,0
DA:2079,0
DA:2080,0
DA:2081,0
DA:2083,0
DA:2084,0
DA:2090,0
DA:2093,0
DA:2096,0
DA:2098,0
DA:2102,0
DA:2103,0
DA:2104,0
DA:2106,0
DA:2107,0
DA:2108,0
DA:2109,0
DA:2110,0
DA:2112,0
DA:2113,0
DA:2114,0
DA:2115,0
DA:2116,0
DA:2117,0
DA:2118,0
DA:2121,0
DA:2124,0
DA:2125,0
DA:2126,0
DA:2127,0
DA:2132,0
DA:2133,0
DA:2134,0
DA:2135,0
DA:2136,0
DA:2137,0
DA:2138,0
DA:2139,0
DA:2140,0
DA:2141,0
DA:2142,0
DA:2143,0
DA:2144,0
DA:2145,0
DA:2146,0
DA:2150,0
DA:2152,0
DA:2153,0
DA:2154,0
DA:2155,0
DA:2156,0
DA:2157,0
DA:2158,0
DA:2159,0
DA:2160,0
DA:2161,0
DA:2162,0
DA:2163,0
DA:2164,0
DA:2165,0
DA:2166,0
DA:2167,0
DA:2168,0
DA:2171,0
DA:2172,0
DA:2173,0
DA:2175,0
DA:2176,0
DA:2178,0
DA:2179,0
DA:2180,0
DA:2181,0
DA:2182,0
DA:2183,0
DA:2184,0
DA:2186,0
DA:2187,0
DA:2188,0
DA:2189,0
DA:2191,0
DA:2192,0
DA:2194,0
DA:2196,0
DA:2198,0
DA:2199,0
DA:2200,0
DA:2202,0
DA:2204,0
DA:2206,0
DA:2207,0
DA:2209,0
DA:2210,0
DA:2212,0
DA:2213,0
DA:2216,0
DA:2217,0
DA:2218,0
DA:2219,0
DA:2221,0
DA:2222,0
DA:2224,0
DA:2225,0
DA:2226,0
DA:2228,0
DA:2229,0
DA:2231,0
DA:2241,0
DA:2243,0
DA:2244,0
DA:2247,0
DA:2248,0
DA:2249,0
DA:2250,0
DA:2251,0
DA:2252,0
DA:2253,0
DA:2254,0
DA:2256,0
DA:2257,0
DA:2260,0
DA:2263,0
DA:2266,0
DA:2267,0
DA:2268,0
DA:2269,0
DA:2270,0
DA:2271,0
DA:2272,0
DA:2273,0
DA:2274,0
DA:2288,0
DA:2289,0
DA:2290,0
DA:2292,0
DA:2293,0
DA:2294,0
DA:2295,0
DA:2296,0
DA:2297,0
DA:2298,0
DA:2301,0
DA:2302,0
DA:2303,0
DA:2304,0
DA:2308,0
DA:2310,0
DA:2313,0
DA:2315,0
DA:2318,0
DA:2319,0
DA:2320,0
DA:2321,0
DA:2323,0
DA:2324,0
DA:2325,0
DA:2326,0
DA:2327,0
DA:2328,0
DA:2329,0
DA:2330,0
DA:2332,0
DA:2333,0
DA:2334,0
DA:2335,0
DA:2336,0
DA:2337,0
DA:2338,0
DA:2340,0
DA:2341,0
DA:2342,0
DA:2343,0
DA:2344,0
DA:2345,0
DA:2346,0
DA:2347,0
DA:2348,0
DA:2349,0
DA:2350,0
DA:2351,0
DA:2352,0
DA:2353,0
DA:2354,0
DA:2357,0
DA:2358,0
DA:2360,0
DA:2361,0
DA:2364,0
DA:2365,0
DA:2366,0
DA:2367,0
DA:2369,0
DA:2371,0
DA:2372,0
DA:2374,0
DA:2375,0
DA:2377,0
DA:2378,0
DA:2379,0
DA:2380,0
DA:2381,0
DA:2382,0
DA:2383,0
DA:2384,0
DA:2385,0
DA:2386,0
DA:2387,0
DA:2388,0
DA:2390,0
DA:2394,0
DA:2395,0
DA:2396,0
DA:2398,0
DA:2399,0
DA:2400,0
DA:2402,0
DA:2403,0
DA:2405,0
DA:2406,0
DA:2407,0
DA:2408,0
DA:2410,0
DA:2411,0
DA:2412,0
DA:2414,0
DA:2416,0
DA:2417,0
DA:2418,0
DA:2420,0
DA:2421,0
DA:2423,0
DA:2424,0
DA:2425,0
DA:2426,0
DA:2427,0
DA:2428,0
DA:2430,0
DA:2431,0
DA:2434,0
DA:2435,0
DA:2436,0
DA:2437,0
DA:2440,0
DA:2441,0
DA:2442,0
DA:2443,0
DA:2444,0
DA:2445,0
DA:2446,0
DA:2447,0
DA:2448,0
DA:2449,0
DA:2450,0
DA:2451,0
DA:2452,0
DA:2453,0
DA:2455,0
DA:2457,0
DA:2460,0
DA:2462,0
DA:2463,0
DA:2464,0
DA:2465,0
DA:2466,0
DA:2467,0
DA:2470,0
DA:2472,0
DA:2473,0
DA:2474,0
DA:2475,0
DA:2478,0
DA:2480,0
DA:2481,0
DA:2482,0
DA:2483,0
DA:2486,0
DA:2488,0
DA:2489,0
DA:2490,0
DA:2491,0
DA:2494,0
DA:2498,0
DA:2500,0
DA:2501,0
DA:2503,0
DA:2504,0
DA:2506,0
DA:2507,0
DA:2508,0
DA:2510,0
DA:2512,0
DA:2513,0
DA:2515,0
DA:2516,0
DA:2518,0
DA:2520,0
DA:2521,0
DA:2522,0
DA:2524,0
DA:2525,0
DA:2527,0
DA:2529,0
DA:2531,0
DA:2532,0
DA:2534,0
DA:2535,0
DA:2537,0
DA:2539,0
DA:2541,0
DA:2542,0
DA:2543,0
DA:2544,0
DA:2545,0
DA:2547,0
DA:2548,0
DA:2549,0
DA:2550,0
DA:2551,0
DA:2552,0
DA:2553,0
DA:2555,0
DA:2556,0
DA:2557,0
DA:2558,0
DA:2559,0
DA:2560,0
DA:2561,0
DA:2562,0
DA:2563,0
DA:2564,0
DA:2567,0
DA:2568,0
DA:2569,0
DA:2570,0
DA:2571,0
DA:2572,0
DA:2573,0
DA:2574,0
DA:2576,0
DA:2577,0
DA:2578,0
DA:2579,0
DA:2580,0
DA:2581,0
DA:2582,0
DA:2583,0
DA:2584,0
DA:2585,0
DA:2586,0
DA:2588,0
DA:2592,0
DA:2594,0
DA:2596,0
DA:2597,0
DA:2598,0
DA:2599,0
DA:2600,0
DA:2601,0
DA:2602,0
DA:2603,0
DA:2604,0
DA:2605,0
DA:2607,0
DA:2608,0
DA:2609,0
DA:2610,0
DA:2611,0
DA:2612,0
DA:2613,0
DA:2614,0
DA:2615,0
DA:2616,0
DA:2620,0
DA:2621,0
DA:2623,0
LF:1692
LH:0
FN:55,59,Earxml.__init__
FNDA:0,Earxml.__init__
FN:61,78,Earxml.fill_caches
FNDA:0,Earxml.fill_caches
FN:80,86,Earxml.open
FNDA:0,Earxml.open
FN:88,91,Earxml.findall
FNDA:0,Earxml.findall
FN:93,96,Earxml.find
FNDA:0,Earxml.find
FN:99,112,Earxml.ar_path_to_x_path
FNDA:0,Earxml.ar_path_to_x_path
FN:114,121,Earxml.get_short_name_path_of_element
FNDA:0,Earxml.get_short_name_path_of_element
FN:123,130,Earxml.get_referencable_parent
FNDA:0,Earxml.get_referencable_parent
FN:132,137,Earxml.get_parent_with_name
FNDA:0,Earxml.get_parent_with_name
FN:139,149,Earxml.find_references_of_type
FNDA:0,Earxml.find_references_of_type
FN:151,153,Earxml.get_short_name_path
FNDA:0,Earxml.get_short_name_path
FN:155,158,Earxml.get_short_name
FNDA:0,Earxml.get_short_name
FN:160,165,Earxml.follow_ref
FNDA:0,Earxml.follow_ref
FN:167,174,Earxml.follow_all_ref
FNDA:0,Earxml.follow_all_ref
FN:176,177,Earxml.get_all_sub_by_name
FNDA:0,Earxml.get_all_sub_by_name
FN:179,180,Earxml.get_sub_by_name
FNDA:0,Earxml.get_sub_by_name
FN:182,189,Earxml.find_children_by_path
FNDA:0,Earxml.find_children_by_path
FN:191,197,Earxml.get_element_name
FNDA:0,Earxml.get_element_name
FN:199,211,Earxml.get_child
FNDA:0,Earxml.get_child
FN:213,223,Earxml.get_children
FNDA:0,Earxml.get_children
FN:225,240,Earxml.get_element_desc
FNDA:0,Earxml.get_element_desc
FN:242,250,Earxml.get_ecu_instance
FNDA:0,Earxml.get_ecu_instance
FN:252,307,Earxml.selector
FNDA:0,Earxml.selector
FN:333,337,AutosarBasePlatformTypes._get_reference_of_element
FNDA:0,AutosarBasePlatformTypes._get_reference_of_element
FN:340,342,AutosarBasePlatformTypes.datatype_by_ref
FNDA:0,AutosarBasePlatformTypes.datatype_by_ref
FN:345,347,AutosarBasePlatformTypes.encoding_by_ref
FNDA:0,AutosarBasePlatformTypes.encoding_by_ref
FN:350,357,create_sub_element
FNDA:0,create_sub_element
FN:360,395,get_base_type_of_signal
FNDA:0,get_base_type_of_signal
FN:398,1021,dump
FNDA:0,dump
FN:1032,1056,get_signalgrp_and_signals
FNDA:0,get_signalgrp_and_signals
FN:1059,1117,decode_compu_method
FNDA:0,decode_compu_method
FN:1120,1146,eval_type_of_signal
FNDA:0,eval_type_of_signal
FN:1149,1152,ar_byteorder_is_little
FNDA:0,ar_byteorder_is_little
FN:1155,1495,get_signals
FNDA:0,get_signals
FN:1498,1542,get_frame_from_multiplexed_ipdu
FNDA:0,get_frame_from_multiplexed_ipdu
FN:1545,1551,containters_are_little_endian
FNDA:0,containters_are_little_endian
FN:1555,1653,_get_secOC_properties
FNDA:0,_get_secOC_properties
FN:1656,1734,_add_autosar_secoc_signals_to_parent
FNDA:0,_add_autosar_secoc_signals_to_parent
FN:1737,1855,get_frame_from_container_ipdu
FNDA:0,get_frame_from_container_ipdu
FN:1858,1893,store_frame_timings
FNDA:0,store_frame_timings
FN:1896,2066,get_frame
FNDA:0,get_frame
FN:1901,1917,get_frame.set_frame_trigger_attributes_to_frame
FNDA:0,get_frame.set_frame_trigger_attributes_to_frame
FN:2069,2093,update_frame_with_pdu_triggerings
FNDA:0,update_frame_with_pdu_triggerings
FN:2096,2118,process_ecu
FNDA:0,process_ecu
FN:2121,2147,ecuc_extract_signal
FNDA:0,ecuc_extract_signal
FN:2150,2168,extract_cm_from_ecuc
FNDA:0,extract_cm_from_ecuc
FN:2171,2315,decode_ethernet_helper
FNDA:0,decode_ethernet_helper
FN:2318,2361,decode_flexray_helper
FNDA:0,decode_flexray_helper
FN:2364,2457,decode_can_helper
FNDA:0,decode_can_helper
FN:2460,2467,get_frames_nb
FNDA:0,get_frames_nb
FN:2470,2475,get_can_trigger_nb
FNDA:0,get_can_trigger_nb
FN:2478,2483,get_sig_pdu_map_nb
FNDA:0,get_sig_pdu_map_nb
FN:2486,2491,get_sig_ipdu_nb
FNDA:0,get_sig_ipdu_nb
FN:2494,2623,load
FNDA:0,load
FN:2541,2545,load.get_cluster_for_triggering
FNDA:0,load.get_cluster_for_triggering
FN:2547,2564,load.get_ecu_for_triggering
FNDA:0,load.get_ecu_for_triggering
FNF:56
FNH:0
end_of_record
SF:src\canmatrix\formats\csv.py
DA:26,0
DA:27,0
DA:28,0
DA:29,0
DA:30,0
DA:31,0
DA:32,0
DA:34,0
DA:36,0
DA:37,0
DA:40,0
DA:41,0
DA:42,0
DA:44,0
DA:45,0
DA:47,0
DA:48,0
DA:50,0
DA:51,0
DA:52,0
DA:54,0
DA:55,0
DA:56,0
DA:57,0
DA:58,0
DA:59,0
DA:61,0
DA:62,0
DA:64,0
DA:65,0
DA:68,0
DA:71,0
DA:72,0
DA:73,0
DA:75,0
DA:76,0
DA:79,0
DA:82,0
DA:84,0
DA:85,0
DA:86,0
DA:87,0
DA:88,0
DA:89,0
DA:91,0
DA:92,0
DA:93,0
DA:96,0
DA:98,0
DA:113,0
DA:115,0
DA:116,0
DA:117,0
DA:119,0
DA:121,0
DA:124,0
DA:127,0
DA:128,0
DA:129,0
DA:132,0
DA:133,0
DA:134,0
DA:135,0
DA:136,0
DA:139,0
DA:140,0
DA:141,0
DA:143,0
DA:144,0
DA:145,0
DA:147,0
DA:148,0
DA:149,0
DA:151,0
DA:154,0
DA:155,0
DA:156,0
DA:157,0
DA:158,0
DA:159,0
DA:162,0
DA:165,0
DA:166,0
DA:169,0
DA:170,0
DA:171,0
DA:173,0
DA:179,0
DA:180,0
DA:183,0
DA:185,0
DA:186,0
DA:187,0
DA:189,0
DA:190,0
DA:191,0
DA:193,0
DA:194,0
DA:196,0
DA:197,0
DA:198,0
DA:199,0
DA:201,0
DA:208,0
DA:209,0
DA:210,0
DA:212,0
DA:213,0
DA:214,0
DA:215,0
DA:218,0
DA:219,0
DA:223,0
DA:224,0
DA:226,0
DA:227,0
DA:228,0
DA:230,0
DA:231,0
DA:233,0
DA:234,0
DA:235,0
DA:236,0
DA:238,0
DA:245,0
DA:246,0
DA:247,0
DA:249,0
DA:250,0
DA:251,0
DA:252,0
DA:255,0
DA:256,0
DA:261,0
DA:262,0
DA:264,0
DA:265,0
DA:266,0
DA:267,0
DA:276,0
LF:140
LH:0
FN:41,42,CsvRow.__init__
FNDA:0,CsvRow.__init__
FN:44,45,CsvRow.__getitem__
FNDA:0,CsvRow.__getitem__
FN:47,48,CsvRow.__setitem__
FNDA:0,CsvRow.__setitem__
FN:50,59,CsvRow.__add__
FNDA:0,CsvRow.__add__
FN:61,62,CsvRow.write
FNDA:0,CsvRow.write
FN:65,69,CsvRow.as_list
FNDA:0,CsvRow.as_list
FN:71,73,CsvRow.to_csv
FNDA:0,CsvRow.to_csv
FN:75,76,CsvRow.__str__
FNDA:0,CsvRow.__str__
FN:79,93,write_ecu_matrix
FNDA:0,write_ecu_matrix
FN:96,276,dump
FNDA:0,dump
FNF:10
FNH:0
end_of_record
SF:src\canmatrix\formats\dbc.py
DA:26,1
DA:27,1
DA:28,1
DA:29,1
DA:30,1
DA:31,1
DA:32,1
DA:33,1
DA:35,1
DA:36,1
DA:37,1
DA:40,1
DA:41,0
DA:42,0
DA:43,0
DA:44,0
DA:45,0
DA:46,0
DA:47,0
DA:48,0
DA:49,0
DA:50,0
DA:51,0
DA:52,0
DA:53,0
DA:54,0
DA:55,0
DA:56,0
DA:57,0
DA:58,0
DA:59,0
DA:62,1
DA:63,0
DA:65,0
DA:66,0
DA:68,0
DA:71,1
DA:72,0
DA:73,0
DA:74,0
DA:75,0
DA:76,0
DA:77,0
DA:78,0
DA:80,0
DA:81,0
DA:82,0
DA:83,0
DA:85,0
DA:88,1
DA:90,0
DA:91,0
DA:92,0
DA:93,0
DA:96,1
DA:98,0
DA:99,0
DA:100,0
DA:101,0
DA:103,0
DA:104,0
DA:105,0
DA:107,0
DA:108,0
DA:111,1
DA:113,0
DA:114,0
DA:115,0
DA:116,0
DA:118,0
DA:119,0
DA:122,1
DA:124,0
DA:125,0
DA:126,0
DA:127,0
DA:128,0
DA:129,0
DA:132,1
DA:135,0
DA:137,0
DA:138,0
DA:139,0
DA:140,0
DA:141,0
DA:142,0
DA:144,0
DA:145,0
DA:146,0
DA:147,0
DA:148,0
DA:149,0
DA:151,0
DA:152,0
DA:153,0
DA:155,0
DA:156,0
DA:158,0
DA:160,0
DA:161,0
DA:162,0
DA:163,0
DA:164,0
DA:165,0
DA:166,0
DA:167,0
DA:169,0
DA:170,0
DA:171,0
DA:172,0
DA:173,0
DA:174,0
DA:175,0
DA:176,0
DA:177,0
DA:178,0
DA:179,0
DA:181,0
DA:182,0
DA:183,0
DA:185,0
DA:186,0
DA:188,0
DA:190,0
DA:193,0
DA:194,0
DA:196,0
DA:197,0
DA:198,0
DA:199,0
DA:202,0
DA:203,0
DA:204,0
DA:205,0
DA:206,0
DA:208,0
DA:209,0
DA:212,0
DA:214,0
DA:216,0
DA:217,0
DA:218,0
DA:219,0
DA:221,0
DA:223,0
DA:225,0
DA:227,0
DA:228,0
DA:229,0
DA:230,0
DA:231,0
DA:232,0
DA:234,0
DA:236,0
DA:238,0
DA:239,0
DA:240,0
DA:242,0
DA:243,0
DA:246,0
DA:247,0
DA:248,0
DA:249,0
DA:251,0
DA:252,0
DA:254,0
DA:260,0
DA:261,0
DA:262,0
DA:263,0
DA:265,0
DA:266,0
DA:268,0
DA:270,0
DA:271,0
DA:273,0
DA:274,0
DA:275,0
DA:276,0
DA:279,0
DA:280,0
DA:281,0
DA:282,0
DA:284,0
DA:285,0
DA:286,0
DA:288,0
DA:289,0
DA:290,0
DA:291,0
DA:292,0
DA:293,0
DA:294,0
DA:296,0
DA:297,0
DA:299,0
DA:300,0
DA:301,0
DA:302,0
DA:303,0
DA:304,0
DA:306,0
DA:307,0
DA:312,0
DA:313,0
DA:314,0
DA:315,0
DA:317,0
DA:326,0
DA:329,0
DA:330,0
DA:331,0
DA:332,0
DA:333,0
DA:335,0
DA:336,0
DA:337,0
DA:338,0
DA:340,0
DA:341,0
DA:342,0
DA:344,0
DA:346,0
DA:347,0
DA:349,0
DA:350,0
DA:355,0
DA:356,0
DA:357,0
DA:359,0
DA:360,0
DA:361,0
DA:362,0
DA:364,0
DA:365,0
DA:366,0
DA:367,0
DA:369,0
DA:370,0
DA:373,0
DA:374,0
DA:375,0
DA:379,0
DA:380,0
DA:381,0
DA:384,0
DA:385,0
DA:386,0
DA:387,0
DA:388,0
DA:394,0
DA:397,0
DA:398,0
DA:399,0
DA:401,0
DA:403,0
DA:406,0
DA:407,0
DA:409,0
DA:410,0
DA:412,0
DA:413,0
DA:415,0
DA:416,0
DA:418,0
DA:419,0
DA:421,0
DA:422,0
DA:426,0
DA:427,0
DA:428,0
DA:429,0
DA:432,0
DA:433,0
DA:435,0
DA:438,0
DA:439,0
DA:440,0
DA:441,0
DA:442,0
DA:443,0
DA:446,0
DA:447,0
DA:448,0
DA:449,0
DA:450,0
DA:451,0
DA:452,0
DA:453,0
DA:458,0
DA:460,0
DA:461,0
DA:462,0
DA:463,0
DA:467,0
DA:468,0
DA:469,0
DA:470,0
DA:474,0
DA:475,0
DA:476,0
DA:477,0
DA:480,0
DA:483,0
DA:484,0
DA:485,0
DA:486,0
DA:487,0
DA:490,0
DA:494,0
DA:495,0
DA:496,0
DA:498,0
DA:499,0
DA:500,0
DA:502,0
DA:503,0
DA:504,0
DA:505,0
DA:506,0
DA:507,0
DA:509,0
DA:511,0
DA:512,0
DA:513,0
DA:520,1
DA:521,1
DA:524,1
DA:527,0
DA:528,0
DA:529,0
DA:530,0
DA:531,0
DA:532,0
DA:533,0
DA:534,0
DA:535,0
DA:536,0
DA:538,0
DA:541,1
DA:542,0
DA:543,0
DA:544,0
DA:546,0
DA:548,0
DA:549,0
DA:550,0
DA:551,0
DA:552,0
DA:553,0
DA:554,0
DA:556,0
DA:557,0
DA:559,0
DA:560,0
DA:561,0
DA:562,0
DA:563,0
DA:565,0
DA:566,0
DA:568,0
DA:569,0
DA:570,0
DA:571,0
DA:572,0
DA:573,0
DA:575,0
DA:576,0
DA:577,0
DA:578,0
DA:579,0
DA:580,0
DA:581,0
DA:582,0
DA:583,0
DA:584,0
DA:585,0
DA:586,0
DA:587,0
DA:588,0
DA:589,0
DA:590,0
DA:591,0
DA:592,0
DA:593,0
DA:594,0
DA:595,0
DA:596,0
DA:597,0
DA:599,0
DA:600,0
DA:601,0
DA:602,0
DA:603,0
DA:604,0
DA:605,0
DA:606,0
DA:607,0
DA:608,0
DA:609,0
DA:611,0
DA:613,0
DA:614,0
DA:615,0
DA:616,0
DA:617,0
DA:618,0
DA:619,0
DA:620,0
DA:621,0
DA:622,0
DA:623,0
DA:624,0
DA:625,0
DA:626,0
DA:628,0
DA:632,0
DA:646,0
DA:648,0
DA:649,0
DA:652,0
DA:653,0
DA:654,0
DA:655,0
DA:656,0
DA:657,0
DA:658,0
DA:660,0
DA:661,0
DA:663,0
DA:664,0
DA:665,0
DA:666,0
DA:667,0
DA:668,0
DA:670,0
DA:671,0
DA:672,0
DA:673,0
DA:674,0
DA:676,0
DA:680,0
DA:696,0
DA:697,0
DA:698,0
DA:700,0
DA:702,0
DA:703,0
DA:705,0
DA:706,0
DA:708,0
DA:709,0
DA:710,0
DA:711,0
DA:712,0
DA:713,0
DA:714,0
DA:715,0
DA:716,0
DA:717,0
DA:718,0
DA:719,0
DA:720,0
DA:721,0
DA:722,0
DA:723,0
DA:724,0
DA:725,0
DA:727,0
DA:728,0
DA:732,0
DA:733,0
DA:734,0
DA:735,0
DA:736,0
DA:737,0
DA:738,0
DA:739,0
DA:740,0
DA:741,0
DA:743,0
DA:744,0
DA:747,0
DA:749,0
DA:750,0
DA:751,0
DA:752,0
DA:753,0
DA:754,0
DA:755,0
DA:756,0
DA:757,0
DA:758,0
DA:759,0
DA:761,0
DA:762,0
DA:766,0
DA:767,0
DA:768,0
DA:769,0
DA:770,0
DA:771,0
DA:772,0
DA:773,0
DA:774,0
DA:776,0
DA:777,0
DA:780,0
DA:781,0
DA:782,0
DA:783,0
DA:784,0
DA:785,0
DA:786,0
DA:787,0
DA:788,0
DA:789,0
DA:790,0
DA:791,0
DA:793,0
DA:794,0
DA:796,0
DA:797,0
DA:798,0
DA:799,0
DA:800,0
DA:801,0
DA:802,0
DA:803,0
DA:804,0
DA:805,0
DA:807,0
DA:808,0
DA:811,0
DA:812,0
DA:813,0
DA:814,0
DA:815,0
DA:816,0
DA:817,0
DA:818,0
DA:819,0
DA:820,0
DA:821,0
DA:823,0
DA:824,0
DA:825,0
DA:826,0
DA:827,0
DA:828,0
DA:829,0
DA:831,0
DA:832,0
DA:833,0
DA:834,0
DA:835,0
DA:836,0
DA:837,0
DA:838,0
DA:839,0
DA:840,0
DA:841,0
DA:843,0
DA:844,0
DA:845,0
DA:846,0
DA:847,0
DA:848,0
DA:849,0
DA:850,0
DA:852,0
DA:853,0
DA:854,0
DA:855,0
DA:856,0
DA:857,0
DA:858,0
DA:859,0
DA:860,0
DA:861,0
DA:862,0
DA:863,0
DA:864,0
DA:865,0
DA:867,0
DA:869,0
DA:870,0
DA:871,0
DA:872,0
DA:873,0
DA:874,0
DA:875,0
DA:876,0
DA:877,0
DA:878,0
DA:879,0
DA:880,0
DA:881,0
DA:882,0
DA:883,0
DA:884,0
DA:885,0
DA:886,0
DA:887,0
DA:889,0
DA:890,0
DA:891,0
DA:892,0
DA:893,0
DA:894,0
DA:895,0
DA:896,0
DA:899,0
DA:900,0
DA:901,0
DA:903,0
DA:904,0
DA:905,0
DA:906,0
DA:908,0
DA:909,0
DA:910,0
DA:911,0
DA:912,0
DA:914,0
DA:915,0
DA:916,0
DA:917,0
DA:918,0
DA:919,0
DA:920,0
DA:921,0
DA:922,0
DA:926,0
DA:927,0
DA:928,0
DA:929,0
DA:930,0
DA:932,0
DA:934,0
DA:935,0
DA:936,0
DA:938,0
DA:939,0
DA:940,0
DA:941,0
DA:942,0
DA:943,0
DA:944,0
DA:946,0
DA:947,0
DA:948,0
DA:949,0
DA:950,0
DA:951,0
DA:952,0
DA:955,0
DA:956,0
DA:957,0
DA:958,0
DA:959,0
DA:960,0
DA:961,0
DA:962,0
DA:964,0
DA:965,0
DA:966,0
DA:967,0
DA:968,0
DA:969,0
DA:970,0
DA:971,0
DA:972,0
DA:973,0
DA:974,0
DA:975,0
DA:976,0
DA:977,0
DA:978,0
DA:979,0
DA:980,0
DA:981,0
DA:982,0
DA:983,0
DA:984,0
DA:985,0
DA:986,0
DA:988,0
DA:989,0
DA:990,0
DA:991,0
DA:992,0
DA:993,0
DA:994,0
DA:995,0
DA:996,0
DA:997,0
DA:1002,0
DA:1003,0
DA:1005,0
DA:1006,0
DA:1007,0
DA:1008,0
DA:1009,0
DA:1010,0
DA:1011,0
DA:1012,0
DA:1013,0
DA:1014,0
DA:1015,0
DA:1016,0
DA:1017,0
DA:1018,0
DA:1019,0
DA:1020,0
DA:1023,0
DA:1029,0
DA:1030,0
DA:1032,0
DA:1034,0
DA:1035,0
DA:1036,0
DA:1037,0
DA:1038,0
DA:1039,0
DA:1040,0
DA:1041,0
DA:1042,0
DA:1043,0
DA:1044,0
DA:1045,0
DA:1046,0
DA:1047,0
DA:1048,0
DA:1049,0
DA:1050,0
DA:1051,0
DA:1052,0
DA:1053,0
DA:1054,0
DA:1055,0
DA:1056,0
DA:1057,0
DA:1058,0
DA:1059,0
DA:1060,0
DA:1061,0
DA:1062,0
DA:1063,0
DA:1064,0
DA:1065,0
DA:1066,0
DA:1067,0
DA:1068,0
DA:1070,0
DA:1071,0
DA:1072,0
DA:1073,0
DA:1074,0
DA:1075,0
DA:1076,0
DA:1077,0
DA:1078,0
DA:1090,0
DA:1091,0
DA:1092,0
DA:1093,0
DA:1095,0
LF:768
LH:23
FN:40,59,_contains_cjk
FNDA:0,_contains_cjk
FN:62,68,normalize_name
FNDA:0,normalize_name
FN:71,85,format_float
FNDA:0,format_float
FN:88,93,check_define
FNDA:0,check_define
FN:96,108,create_define
FNDA:0,create_define
FN:111,119,create_attribute_string
FNDA:0,create_attribute_string
FN:122,129,create_comment_string
FNDA:0,create_comment_string
FN:132,517,dump
FNDA:0,dump
FN:524,538,_decode_fallback
FNDA:0,_decode_fallback
FN:541,1095,load
FNDA:0,load
FN:556,557,load.hash_arbitration_id
FNDA:0,load.hash_arbitration_id
FN:559,563,load.get_frame_by_id
FNDA:0,load.get_frame_by_id
FN:565,566,load.add_frame_by_id
FNDA:0,load.add_frame_by_id
FNF:13
FNH:0
end_of_record
SF:src\canmatrix\formats\dbf.py
DA:27,0
DA:28,0
DA:29,0
DA:30,0
DA:31,0
DA:32,0
DA:33,0
DA:35,0
DA:37,0
DA:44,0
DA:45,0
DA:46,0
DA:47,0
DA:48,0
DA:49,0
DA:50,0
DA:51,0
DA:52,0
DA:53,0
DA:54,0
DA:55,0
DA:56,0
DA:58,0
DA:60,0
DA:63,0
DA:64,0
DA:65,0
DA:66,0
DA:67,0
DA:69,0
DA:70,0
DA:71,0
DA:73,0
DA:74,0
DA:76,0
DA:78,0
DA:79,0
DA:80,0
DA:83,0
DA:84,0
DA:86,0
DA:88,0
DA:89,0
DA:90,0
DA:92,0
DA:93,0
DA:95,0
DA:97,0
DA:98,0
DA:99,0
DA:100,0
DA:101,0
DA:103,0
DA:104,0
DA:105,0
DA:107,0
DA:108,0
DA:113,0
DA:114,0
DA:115,0
DA:117,0
DA:118,0
DA:121,0
DA:122,0
DA:123,0
DA:125,0
DA:126,0
DA:128,0
DA:129,0
DA:130,0
DA:132,0
DA:133,0
DA:137,0
DA:138,0
DA:139,0
DA:141,0
DA:142,0
DA:143,0
DA:145,0
DA:146,0
DA:147,0
DA:149,0
DA:150,0
DA:151,0
DA:153,0
DA:154,0
DA:155,0
DA:157,0
DA:158,0
DA:159,0
DA:161,0
DA:162,0
DA:163,0
DA:165,0
DA:166,0
DA:167,0
DA:170,0
DA:171,0
DA:172,0
DA:173,0
DA:175,0
DA:176,0
DA:178,0
DA:179,0
DA:181,0
DA:182,0
DA:184,0
DA:185,0
DA:187,0
DA:188,0
DA:190,0
DA:191,0
DA:193,0
DA:194,0
DA:195,0
DA:196,0
DA:197,0
DA:198,0
DA:199,0
DA:200,0
DA:202,0
DA:203,0
DA:204,0
DA:205,0
DA:206,0
DA:207,0
DA:209,0
DA:210,0
DA:211,0
DA:213,0
DA:214,0
DA:220,0
DA:221,0
DA:223,0
DA:225,0
DA:226,0
DA:227,0
DA:229,0
DA:230,0
DA:231,0
DA:232,0
DA:233,0
DA:235,0
DA:236,0
DA:237,0
DA:238,0
DA:240,0
DA:241,0
DA:242,0
DA:243,0
DA:245,0
DA:246,0
DA:248,0
DA:250,0
DA:251,0
DA:252,0
DA:253,0
DA:255,0
DA:257,0
DA:258,0
DA:260,0
DA:261,0
DA:262,0
DA:263,0
DA:265,0
DA:266,0
DA:267,0
DA:269,0
DA:285,0
DA:287,0
DA:290,0
DA:291,0
DA:292,0
DA:293,0
DA:295,0
DA:296,0
DA:298,0
DA:300,0
DA:301,0
DA:302,0
DA:303,0
DA:304,0
DA:305,0
DA:306,0
DA:309,0
DA:312,0
DA:313,0
DA:314,0
DA:315,0
DA:316,0
DA:317,0
DA:318,0
DA:319,0
DA:320,0
DA:322,0
DA:331,0
DA:333,0
DA:334,0
DA:335,0
DA:337,0
DA:338,0
DA:339,0
DA:341,0
DA:342,0
DA:343,0
DA:346,0
DA:347,0
DA:348,0
DA:349,0
DA:354,0
DA:355,0
DA:357,0
DA:358,0
DA:360,0
DA:362,0
DA:366,0
DA:373,0
DA:375,0
DA:376,0
DA:378,0
DA:379,0
DA:380,0
DA:382,0
DA:384,0
DA:385,0
DA:387,0
DA:395,0
DA:396,0
DA:397,0
DA:398,0
DA:399,0
DA:401,0
DA:403,0
DA:406,0
DA:407,0
DA:408,0
DA:411,0
DA:414,0
DA:415,0
DA:416,0
DA:417,0
DA:418,0
DA:419,0
DA:420,0
DA:421,0
DA:423,0
DA:426,0
DA:427,0
DA:428,0
DA:429,0
DA:430,0
DA:432,0
DA:435,0
DA:436,0
DA:437,0
DA:438,0
DA:439,0
DA:441,0
DA:444,0
DA:445,0
DA:446,0
DA:447,0
DA:449,0
DA:450,0
DA:451,0
DA:452,0
DA:454,0
DA:455,0
DA:457,0
DA:460,0
DA:461,0
DA:462,0
DA:463,0
DA:464,0
DA:465,0
DA:466,0
DA:469,0
DA:470,0
DA:471,0
DA:472,0
DA:473,0
DA:474,0
DA:475,0
DA:478,0
DA:479,0
DA:480,0
DA:481,0
DA:482,0
DA:483,0
DA:485,0
DA:488,0
DA:489,0
DA:490,0
DA:491,0
DA:492,0
DA:493,0
DA:494,0
DA:496,0
DA:498,0
DA:499,0
DA:500,0
DA:501,0
DA:502,0
DA:505,0
DA:506,0
DA:507,0
DA:508,0
DA:510,0
DA:511,0
DA:512,0
DA:515,0
DA:516,0
DA:517,0
DA:518,0
DA:520,0
DA:521,0
DA:522,0
DA:524,0
DA:525,0
DA:526,0
LF:320
LH:0
FN:44,60,decode_define
FNDA:0,decode_define
FN:63,306,load
FNDA:0,load
FN:309,526,dump
FNDA:0,dump
FNF:3
FNH:0
end_of_record
SF:src\canmatrix\formats\eds.py
DA:1,0
DA:2,0
DA:3,0
DA:4,0
DA:5,0
DA:6,0
DA:7,0
DA:8,0
DA:9,0
DA:11,0
DA:14,0
DA:31,0
DA:38,0
DA:39,0
DA:40,0
DA:42,0
DA:43,0
DA:44,0
DA:45,0
DA:47,0
DA:48,0
DA:50,0
DA:51,0
DA:52,0
DA:53,0
DA:54,0
DA:55,0
DA:56,0
DA:57,0
DA:59,0
DA:60,0
DA:61,0
DA:62,0
DA:63,0
DA:64,0
DA:65,0
DA:66,0
DA:67,0
DA:68,0
DA:69,0
DA:70,0
DA:72,0
DA:73,0
DA:74,0
DA:75,0
DA:76,0
DA:77,0
DA:79,0
DA:80,0
DA:82,0
DA:83,0
DA:84,0
DA:85,0
DA:86,0
DA:88,0
DA:89,0
DA:90,0
DA:91,0
DA:92,0
DA:93,0
DA:94,0
DA:95,0
DA:96,0
DA:97,0
DA:98,0
DA:99,0
DA:100,0
DA:101,0
DA:103,0
DA:104,0
DA:105,0
DA:106,0
DA:107,0
DA:108,0
DA:110,0
DA:111,0
DA:112,0
DA:113,0
DA:114,0
DA:115,0
DA:116,0
DA:117,0
DA:120,0
DA:121,0
DA:122,0
DA:123,0
DA:124,0
DA:125,0
DA:126,0
DA:127,0
DA:128,0
DA:129,0
DA:130,0
DA:131,0
DA:132,0
DA:133,0
DA:134,0
DA:135,0
DA:136,0
DA:137,0
DA:138,0
DA:140,0
DA:141,0
DA:142,0
DA:143,0
DA:144,0
DA:145,0
DA:146,0
DA:147,0
DA:148,0
DA:149,0
DA:150,0
DA:152,0
DA:153,0
DA:154,0
DA:155,0
DA:156,0
DA:157,0
DA:158,0
DA:159,0
DA:160,0
DA:161,0
DA:163,0
DA:164,0
DA:165,0
DA:166,0
DA:167,0
DA:169,0
DA:170,0
DA:171,0
DA:172,0
DA:173,0
DA:174,0
DA:175,0
DA:176,0
DA:177,0
DA:179,0
DA:180,0
DA:181,0
DA:182,0
DA:183,0
DA:184,0
DA:185,0
DA:186,0
DA:187,0
DA:188,0
DA:189,0
DA:190,0
DA:191,0
DA:192,0
DA:193,0
DA:194,0
DA:197,0
DA:198,0
DA:199,0
DA:200,0
DA:201,0
DA:204,0
DA:205,0
DA:206,0
DA:208,0
DA:209,0
DA:210,0
DA:211,0
DA:212,0
DA:213,0
DA:214,0
DA:215,0
DA:216,0
DA:218,0
DA:219,0
DA:220,0
DA:221,0
DA:222,0
DA:223,0
DA:225,0
DA:228,0
DA:229,0
DA:230,0
DA:231,0
DA:234,0
DA:235,0
DA:237,0
DA:238,0
DA:239,0
DA:240,0
DA:241,0
DA:242,0
DA:243,0
DA:244,0
DA:245,0
DA:246,0
DA:247,0
DA:248,0
DA:249,0
DA:250,0
DA:251,0
DA:252,0
DA:253,0
DA:255,0
DA:256,0
DA:257,0
DA:258,0
LF:203
LH:0
FN:38,40,name_cleanup
FNDA:0,name_cleanup
FN:42,43,get_bit_length
FNDA:0,get_bit_length
FN:44,45,get_data_type_name
FNDA:0,get_data_type_name
FN:47,48,format_index
FNDA:0,format_index
FN:50,258,load
FNDA:0,load
FNF:5
FNH:0
end_of_record
SF:src\canmatrix\formats\fibex.py
DA:28,0
DA:29,0
DA:30,0
DA:31,0
DA:32,0
DA:33,0
DA:34,0
DA:35,0
DA:37,0
DA:39,0
DA:41,0
DA:42,0
DA:43,0
DA:44,0
DA:45,0
DA:46,0
DA:47,0
DA:48,0
DA:50,0
DA:53,0
DA:56,0
DA:58,0
DA:59,0
DA:60,0
DA:61,0
DA:64,0
DA:66,0
DA:67,0
DA:68,0
DA:69,0
DA:72,0
DA:74,0
DA:75,0
DA:76,0
DA:77,0
DA:80,0
DA:82,0
DA:83,0
DA:84,0
DA:85,0
DA:86,0
DA:89,0
DA:91,0
DA:92,0
DA:93,0
DA:96,0
DA:97,0
DA:98,0
DA:99,0
DA:101,0
DA:104,0
DA:107,0
DA:109,0
DA:112,0
DA:115,0
DA:116,0
DA:117,0
DA:119,0
DA:120,0
DA:121,0
DA:123,0
DA:124,0
DA:125,0
DA:126,0
DA:128,0
DA:130,0
DA:132,0
DA:133,0
DA:134,0
DA:136,0
DA:138,0
DA:139,0
DA:140,0
DA:141,0
DA:142,0
DA:144,0
DA:145,0
DA:146,0
DA:147,0
DA:148,0
DA:149,0
DA:150,0
DA:151,0
DA:152,0
DA:153,0
DA:154,0
DA:155,0
DA:156,0
DA:157,0
DA:158,0
DA:159,0
DA:160,0
DA:161,0
DA:162,0
DA:164,0
DA:165,0
DA:166,0
DA:167,0
DA:168,0
DA:169,0
DA:170,0
DA:171,0
DA:172,0
DA:174,0
DA:176,0
DA:177,0
DA:178,0
DA:180,0
DA:181,0
DA:182,0
DA:183,0
DA:184,0
DA:185,0
DA:186,0
DA:187,0
DA:188,0
DA:189,0
DA:191,0
DA:192,0
DA:193,0
DA:194,0
DA:195,0
DA:196,0
DA:198,0
DA:199,0
DA:200,0
DA:201,0
DA:203,0
DA:204,0
DA:205,0
DA:207,0
DA:209,0
DA:210,0
DA:211,0
DA:212,0
DA:213,0
DA:214,0
DA:215,0
DA:216,0
DA:217,0
DA:218,0
DA:219,0
DA:220,0
DA:221,0
DA:222,0
DA:223,0
DA:224,0
DA:225,0
DA:227,0
DA:228,0
DA:229,0
DA:230,0
DA:231,0
DA:232,0
DA:233,0
DA:234,0
DA:235,0
DA:236,0
DA:237,0
DA:238,0
DA:239,0
DA:240,0
DA:241,0
DA:242,0
DA:243,0
DA:244,0
DA:245,0
DA:246,0
DA:247,0
DA:248,0
DA:249,0
DA:250,0
DA:252,0
DA:253,0
DA:254,0
DA:255,0
DA:256,0
DA:259,0
DA:260,0
DA:261,0
DA:262,0
DA:263,0
DA:264,0
DA:265,0
DA:267,0
DA:269,0
DA:270,0
DA:271,0
DA:272,0
DA:273,0
DA:274,0
DA:275,0
DA:276,0
DA:277,0
DA:279,0
DA:280,0
DA:281,0
DA:282,0
DA:283,0
DA:284,0
DA:285,0
DA:286,0
DA:287,0
DA:288,0
DA:289,0
DA:290,0
DA:291,0
DA:292,0
DA:293,0
DA:294,0
DA:295,0
DA:296,0
DA:297,0
DA:298,0
DA:299,0
DA:300,0
DA:301,0
DA:302,0
DA:303,0
DA:304,0
DA:305,0
DA:306,0
DA:307,0
DA:308,0
DA:309,0
DA:310,0
DA:311,0
DA:312,0
DA:313,0
DA:314,0
DA:315,0
DA:316,0
DA:317,0
DA:318,0
DA:319,0
DA:320,0
DA:321,0
DA:322,0
DA:323,0
DA:324,0
DA:326,0
DA:327,0
DA:328,0
DA:330,0
DA:331,0
DA:332,0
DA:335,0
DA:336,0
DA:337,0
DA:338,0
DA:340,0
DA:341,0
DA:342,0
DA:344,0
DA:345,0
DA:346,0
DA:347,0
DA:349,0
DA:350,0
DA:351,0
DA:352,0
DA:353,0
DA:354,0
DA:355,0
DA:356,0
DA:357,0
DA:358,0
DA:359,0
DA:360,0
DA:361,0
DA:363,0
DA:365,0
DA:366,0
DA:367,0
DA:368,0
DA:369,0
DA:370,0
DA:371,0
DA:372,0
DA:373,0
DA:374,0
DA:375,0
DA:377,0
DA:378,0
DA:380,0
DA:381,0
DA:382,0
DA:384,0
DA:385,0
DA:386,0
DA:387,0
DA:388,0
DA:391,0
DA:392,0
DA:393,0
DA:394,0
DA:395,0
DA:397,0
DA:398,0
DA:399,0
DA:400,0
DA:401,0
DA:402,0
DA:403,0
DA:404,0
DA:405,0
DA:406,0
DA:407,0
DA:409,0
DA:410,0
DA:412,0
DA:414,0
DA:415,0
DA:418,0
DA:420,0
DA:421,0
DA:422,0
DA:431,0
DA:432,0
DA:433,0
DA:435,0
DA:436,0
DA:437,0
DA:439,0
DA:440,0
DA:441,0
DA:443,0
DA:449,0
DA:450,0
DA:451,0
DA:456,0
DA:461,0
DA:462,0
DA:463,0
DA:465,0
DA:466,0
DA:467,0
DA:468,0
DA:469,0
DA:470,0
DA:471,0
DA:472,0
DA:473,0
DA:475,0
DA:476,0
DA:477,0
DA:478,0
DA:480,0
DA:481,0
DA:486,0
DA:487,0
DA:489,0
DA:490,0
DA:493,0
DA:494,0
DA:495,0
DA:497,0
DA:498,0
DA:499,0
DA:500,0
DA:501,0
DA:502,0
DA:504,0
DA:505,0
DA:507,0
DA:508,0
DA:509,0
DA:511,0
DA:512,0
DA:513,0
DA:514,0
DA:515,0
DA:516,0
DA:517,0
DA:518,0
DA:523,0
DA:524,0
DA:525,0
DA:526,0
DA:527,0
DA:528,0
DA:529,0
DA:530,0
DA:532,0
DA:533,0
DA:534,0
DA:535,0
DA:537,0
DA:538,0
DA:539,0
DA:540,0
DA:541,0
DA:542,0
DA:543,0
DA:544,0
DA:545,0
DA:546,0
DA:547,0
DA:548,0
DA:549,0
DA:551,0
DA:552,0
DA:553,0
DA:554,0
DA:555,0
DA:557,0
DA:558,0
DA:559,0
DA:560,0
DA:561,0
DA:562,0
DA:564,0
DA:565,0
DA:566,0
DA:567,0
DA:568,0
DA:575,0
DA:576,0
DA:577,0
DA:578,0
DA:579,0
DA:580,0
DA:581,0
DA:583,0
DA:584,0
DA:586,0
DA:587,0
DA:588,0
DA:590,0
DA:591,0
DA:592,0
DA:593,0
DA:594,0
DA:595,0
DA:596,0
DA:597,0
DA:599,0
DA:601,0
DA:602,0
DA:608,0
DA:609,0
DA:610,0
DA:611,0
DA:612,0
DA:614,0
DA:617,0
DA:618,0
DA:619,0
DA:621,0
DA:622,0
DA:628,0
DA:629,0
DA:631,0
DA:632,0
DA:633,0
DA:634,0
DA:636,0
DA:637,0
DA:638,0
DA:639,0
DA:640,0
DA:642,0
DA:644,0
DA:646,0
DA:647,0
DA:648,0
DA:649,0
DA:650,0
DA:652,0
DA:654,0
DA:655,0
DA:656,0
DA:657,0
DA:658,0
DA:661,0
DA:662,0
DA:663,0
DA:664,0
DA:665,0
DA:668,0
DA:670,0
DA:671,0
DA:672,0
DA:673,0
DA:674,0
DA:675,0
DA:676,0
DA:677,0
DA:678,0
DA:681,0
DA:682,0
DA:683,0
DA:684,0
DA:685,0
DA:686,0
DA:687,0
DA:688,0
DA:689,0
DA:690,0
DA:691,0
DA:694,0
DA:695,0
DA:696,0
DA:697,0
DA:701,0
DA:702,0
DA:703,0
DA:704,0
DA:705,0
DA:709,0
DA:710,0
DA:711,0
DA:712,0
DA:713,0
DA:714,0
DA:715,0
DA:716,0
DA:717,0
DA:718,0
DA:719,0
DA:720,0
DA:721,0
DA:722,0
DA:727,0
DA:728,0
DA:729,0
DA:730,0
DA:731,0
DA:732,0
DA:733,0
DA:734,0
DA:735,0
DA:736,0
DA:737,0
DA:738,0
DA:739,0
DA:740,0
DA:741,0
DA:743,0
DA:744,0
DA:745,0
DA:746,0
DA:747,0
DA:748,0
DA:749,0
DA:750,0
DA:751,0
DA:752,0
DA:757,0
DA:758,0
DA:759,0
DA:760,0
DA:761,0
DA:762,0
DA:763,0
DA:764,0
DA:765,0
DA:766,0
DA:767,0
DA:772,0
DA:773,0
DA:774,0
DA:775,0
DA:776,0
DA:777,0
DA:778,0
DA:779,0
DA:780,0
DA:782,0
DA:783,0
DA:784,0
DA:785,0
DA:786,0
DA:787,0
DA:788,0
DA:795,0
DA:796,0
DA:797,0
DA:798,0
DA:799,0
DA:800,0
DA:802,0
DA:803,0
DA:804,0
DA:809,0
DA:810,0
DA:811,0
DA:812,0
DA:814,0
DA:816,0
DA:817,0
DA:818,0
DA:819,0
DA:820,0
DA:822,0
DA:824,0
DA:826,0
DA:827,0
DA:828,0
DA:829,0
DA:833,0
DA:834,0
DA:835,0
DA:837,0
DA:838,0
DA:839,0
DA:841,0
DA:842,0
DA:844,0
DA:845,0
DA:846,0
DA:847,0
DA:849,0
DA:850,0
DA:857,0
LF:615
LH:0
FN:56,61,create_short_name_desc
FNDA:0,create_short_name_desc
FN:64,69,create_sub_element_fx
FNDA:0,create_sub_element_fx
FN:72,77,create_sub_element_ho
FNDA:0,create_sub_element_ho
FN:80,86,create_signal_instance
FNDA:0,create_signal_instance
FN:89,93,create_signal_ref
FNDA:0,create_signal_ref
FN:96,104,bits_to_byte_str
FNDA:0,bits_to_byte_str
FN:107,109,create_signal_id
[...]
DA:157,0
DA:158,0
DA:160,0
DA:161,0
DA:162,0
DA:163,0
DA:164,0
DA:166,0
DA:167,0
DA:168,0
DA:169,0
DA:170,0
DA:171,0
DA:173,0
DA:174,0
DA:179,0
DA:181,0
DA:185,0
DA:186,0
DA:188,0
DA:189,0
DA:190,0
DA:191,0
DA:193,0
DA:197,0
DA:199,0
DA:200,0
DA:205,0
DA:211,0
DA:213,0
DA:214,0
DA:215,0
DA:218,0
DA:221,0
DA:222,0
DA:224,0
DA:225,0
DA:227,0
DA:228,0
DA:229,0
DA:231,0
DA:232,0
DA:233,0
DA:235,0
DA:238,0
DA:239,0
DA:240,0
DA:241,0
DA:243,0
DA:245,0
DA:246,0
DA:247,0
DA:249,0
DA:251,0
DA:253,0
DA:254,0
DA:255,0
DA:256,0
DA:257,0
DA:259,0
DA:261,0
DA:262,0
DA:263,0
DA:264,0
DA:265,0
DA:266,0
DA:267,0
DA:268,0
DA:270,0
DA:272,0
DA:273,0
DA:274,0
DA:275,0
DA:276,0
DA:279,0
DA:280,0
DA:282,0
DA:284,0
DA:285,0
DA:286,0
DA:287,0
DA:288,0
DA:289,0
DA:290,0
DA:291,0
DA:292,0
DA:293,0
DA:295,0
DA:296,0
DA:297,0
DA:298,0
DA:299,0
DA:300,0
DA:304,0
DA:305,0
DA:306,0
DA:307,0
DA:308,0
DA:309,0
DA:310,0
DA:311,0
DA:312,0
DA:313,0
DA:315,0
DA:316,0
DA:319,0
DA:320,0
DA:321,0
DA:323,0
DA:325,0
DA:326,0
DA:327,0
DA:329,0
DA:330,0
DA:331,0
DA:333,0
DA:334,0
DA:336,0
DA:337,0
DA:338,0
DA:339,0
DA:340,0
DA:341,0
DA:343,0
DA:344,0
DA:345,0
DA:347,0
DA:348,0
DA:349,0
DA:350,0
DA:351,0
DA:352,0
DA:353,0
DA:355,0
DA:356,0
DA:357,0
DA:358,0
DA:359,0
DA:360,0
DA:361,0
DA:362,0
DA:363,0
DA:364,0
DA:365,0
DA:366,0
DA:368,0
DA:370,0
DA:371,0
DA:372,0
DA:373,0
DA:374,0
DA:375,0
DA:376,0
DA:377,0
DA:379,0
DA:380,0
DA:381,0
DA:382,0
DA:383,0
DA:384,0
DA:385,0
DA:386,0
DA:387,0
DA:388,0
DA:389,0
DA:390,0
DA:392,0
DA:394,0
DA:395,0
DA:396,0
DA:398,0
DA:399,0
DA:401,0
DA:402,0
DA:403,0
DA:405,0
DA:407,0
DA:409,0
DA:413,0
DA:419,0
DA:420,0
DA:421,0
DA:423,0
DA:424,0
DA:425,0
DA:426,0
DA:427,0
DA:428,0
DA:429,0
DA:430,0
DA:431,0
DA:433,0
DA:434,0
DA:436,0
DA:437,0
DA:438,0
DA:440,0
DA:441,0
DA:442,0
DA:443,0
DA:445,0
DA:447,0
DA:449,0
DA:450,0
DA:451,0
DA:452,0
DA:453,0
DA:454,0
DA:455,0
DA:456,0
DA:457,0
DA:458,0
DA:459,0
DA:460,0
DA:461,0
DA:462,0
DA:464,0
DA:466,0
DA:467,0
DA:468,0
DA:469,0
DA:470,0
DA:471,0
DA:472,0
DA:473,0
DA:474,0
DA:475,0
DA:476,0
DA:477,0
DA:478,0
DA:480,0
DA:481,0
DA:482,0
DA:483,0
DA:485,0
DA:486,0
DA:487,0
DA:494,0
DA:495,0
DA:497,0
DA:498,0
DA:499,0
DA:500,0
DA:501,0
DA:502,0
DA:503,0
DA:504,0
DA:505,0
DA:506,0
DA:507,0
DA:508,0
DA:509,0
DA:510,0
DA:511,0
DA:512,0
DA:513,0
DA:514,0
DA:515,0
DA:516,0
DA:517,0
DA:518,0
DA:519,0
DA:520,0
DA:521,0
DA:526,0
DA:527,0
DA:528,0
DA:529,0
DA:530,0
DA:531,0
DA:532,0
DA:533,0
DA:537,0
DA:551,0
DA:552,0
DA:553,0
DA:554,0
DA:556,0
DA:558,0
DA:559,0
DA:560,0
DA:564,0
DA:565,0
DA:566,0
DA:567,0
DA:568,0
DA:572,0
DA:587,0
DA:588,0
DA:589,0
DA:590,0
DA:591,0
DA:593,0
DA:594,0
DA:595,0
DA:596,0
DA:597,0
DA:598,0
DA:599,0
DA:602,0
DA:603,0
DA:604,0
DA:605,0
DA:606,0
DA:607,0
DA:608,0
DA:609,0
DA:610,0
DA:612,0
DA:613,0
DA:614,0
DA:615,0
DA:616,0
DA:617,0
DA:618,0
DA:619,0
DA:620,0
DA:621,0
DA:622,0
DA:623,0
DA:624,0
DA:626,0
DA:627,0
DA:632,0
DA:633,0
DA:634,0
DA:641,0
DA:643,0
DA:644,0
DA:646,0
DA:647,0
DA:648,0
DA:649,0
DA:651,0
LF:422
LH:0
FN:48,56,ParsingError.__attrs_post_init__
FNDA:0,ParsingError.__attrs_post_init__
FN:58,59,ParsingError.__str__
FNDA:0,ParsingError.__str__
FN:68,80,DuplicateMuxIdError.__attrs_post_init__
FNDA:0,DuplicateMuxIdError.__attrs_post_init__
FN:83,92,format_float
FNDA:0,format_float
FN:95,164,create_signal
FNDA:0,create_signal
FN:166,179,create_enum_from_signal_values
FNDA:0,create_enum_from_signal_values
FN:181,316,dump
FNDA:0,dump
FN:199,203,dump.send_receive
FNDA:0,dump.send_receive
FN:319,651,load
FNDA:0,load
FNF:9
FNH:0
end_of_record
SF:src\canmatrix\formats\wireshark.py
DA:24,0
DA:25,0
DA:27,0
DA:29,0
DA:32,0
DA:33,0
DA:34,0
DA:35,0
DA:36,0
DA:37,0
DA:39,0
DA:40,0
DA:41,0
DA:43,0
DA:44,0
DA:46,0
DA:48,0
DA:49,0
DA:50,0
DA:51,0
DA:52,0
DA:53,0
DA:54,0
DA:56,0
DA:57,0
DA:60,0
DA:61,0
DA:81,0
DA:82,0
DA:83,0
DA:85,0
DA:86,0
DA:87,0
DA:93,0
DA:95,0
DA:96,0
DA:97,0
DA:100,0
DA:101,0
DA:103,0
DA:104,0
DA:105,0
DA:106,0
DA:107,0
DA:108,0
DA:109,0
DA:110,0
DA:111,0
DA:112,0
DA:113,0
DA:114,0
DA:115,0
DA:116,0
DA:118,0
DA:119,0
DA:120,0
DA:122,0
DA:124,0
DA:140,0
LF:59
LH:0
FN:32,41,get_coorect_bits_for_signal
FNDA:0,get_coorect_bits_for_signal
FN:43,57,create_dissect_signal
FNDA:0,create_dissect_signal
FN:60,140,dump
FNDA:0,dump
FNF:3
FNH:0
end_of_record
SF:src\canmatrix\formats\xls.py
DA:26,1
DA:27,1
DA:28,1
DA:29,1
DA:31,1
DA:32,1
DA:34,1
DA:35,1
DA:37,1
DA:41,1
DA:43,1
DA:44,1
DA:46,1
DA:47,1
DA:49,1
DA:52,1
DA:53,1
DA:54,1
DA:55,1
DA:56,1
DA:57,1
DA:61,1
DA:64,0
DA:65,0
DA:66,0
DA:67,0
DA:68,0
DA:71,0
DA:72,0
DA:73,0
DA:74,0
DA:77,0
DA:79,0
DA:80,0
DA:81,0
DA:84,0
DA:85,0
DA:88,0
DA:89,0
DA:90,0
DA:91,0
DA:92,0
DA:93,0
DA:94,0
DA:95,0
DA:96,0
DA:97,0
DA:99,0
DA:100,0
DA:102,0
DA:105,1
DA:107,0
DA:108,0
DA:109,0
DA:110,0
DA:113,1
DA:115,0
DA:122,0
DA:124,0
DA:125,0
DA:127,0
DA:129,0
DA:130,0
DA:132,0
DA:134,0
DA:136,0
DA:137,0
DA:140,0
DA:142,0
DA:143,0
DA:146,0
DA:148,0
DA:149,0
DA:151,0
DA:152,0
DA:153,0
DA:154,0
DA:155,0
DA:157,0
DA:159,0
DA:160,0
DA:162,0
DA:163,0
DA:164,0
DA:166,0
DA:167,0
DA:168,0
DA:170,0
DA:173,0
DA:174,0
DA:175,0
DA:176,0
DA:177,0
DA:178,0
DA:180,0
DA:181,0
DA:182,0
DA:183,0
DA:184,0
DA:185,0
DA:186,0
DA:187,0
DA:189,0
DA:193,0
DA:195,0
DA:199,0
DA:201,0
DA:204,0
DA:206,0
DA:209,0
DA:210,0
DA:211,0
DA:213,0
DA:214,0
DA:216,0
DA:217,0
DA:218,0
DA:219,0
DA:220,0
DA:222,0
DA:223,0
DA:226,0
DA:227,0
DA:230,0
DA:231,0
DA:233,0
DA:235,0
DA:236,0
DA:238,0
DA:239,0
DA:241,0
DA:242,0
DA:245,0
DA:246,0
DA:247,0
DA:248,0
DA:249,0
DA:250,0
DA:252,0
DA:253,0
DA:257,0
DA:258,0
DA:259,0
DA:263,0
DA:265,0
DA:266,0
DA:268,0
DA:269,0
DA:271,0
DA:272,0
DA:274,0
DA:275,0
DA:277,0
DA:278,0
DA:279,0
DA:280,0
DA:282,0
DA:285,0
DA:286,0
DA:291,0
DA:293,0
DA:294,0
DA:296,0
DA:301,1
DA:303,1
DA:304,1
DA:305,1
DA:306,1
DA:307,1
DA:308,1
DA:309,1
DA:310,1
DA:311,0
DA:312,0
DA:313,0
DA:314,0
DA:315,0
DA:316,0
DA:317,0
DA:318,0
DA:320,1
DA:321,1
DA:323,1
DA:324,1
DA:325,1
DA:326,1
DA:327,1
DA:328,1
DA:329,1
DA:332,1
DA:333,0
DA:334,0
DA:335,0
DA:336,0
DA:337,0
DA:338,0
DA:339,0
DA:341,0
DA:344,1
DA:346,0
DA:347,0
DA:349,0
DA:350,0
DA:351,0
DA:352,0
DA:358,0
DA:360,0
DA:361,0
DA:362,0
DA:365,0
DA:366,0
DA:367,0
DA:368,0
DA:369,0
DA:370,0
DA:371,0
DA:372,0
DA:373,0
DA:374,0
DA:375,0
DA:376,0
DA:377,0
DA:378,0
DA:379,0
DA:380,0
DA:381,0
DA:382,0
DA:383,0
DA:384,0
DA:385,0
DA:386,0
DA:387,0
DA:388,0
DA:389,0
DA:390,0
DA:391,0
DA:392,0
DA:393,0
DA:394,0
DA:395,0
DA:396,0
DA:397,0
DA:398,0
DA:399,0
DA:400,0
DA:401,0
DA:402,0
DA:403,0
DA:404,0
DA:405,0
DA:406,0
DA:407,0
DA:408,0
DA:409,0
DA:410,0
DA:411,0
DA:412,0
DA:413,0
DA:414,0
DA:415,0
DA:416,0
DA:417,0
DA:418,0
DA:419,0
DA:420,0
DA:421,0
DA:422,0
DA:423,0
DA:424,0
DA:425,0
DA:426,0
DA:427,0
DA:428,0
DA:429,0
DA:430,0
DA:431,0
DA:432,0
DA:433,0
DA:434,0
DA:435,0
DA:436,0
DA:437,0
DA:438,0
DA:439,0
DA:441,0
DA:442,0
DA:444,0
DA:445,0
DA:447,0
DA:448,0
DA:451,0
DA:452,0
DA:455,0
DA:456,0
DA:457,0
DA:459,0
DA:460,0
DA:462,0
DA:463,0
DA:464,0
DA:465,0
DA:466,0
DA:468,0
DA:469,0
DA:470,0
DA:471,0
DA:472,0
DA:474,0
DA:475,0
DA:476,0
DA:478,0
DA:479,0
DA:481,0
DA:483,0
DA:484,0
DA:485,0
DA:486,0
DA:487,0
DA:488,0
DA:489,0
DA:490,0
DA:492,0
DA:493,0
DA:494,0
DA:496,0
DA:497,0
DA:499,0
DA:500,0
DA:501,0
DA:502,0
DA:503,0
DA:504,0
DA:505,0
DA:507,0
DA:508,0
DA:510,0
DA:511,0
DA:513,0
DA:514,0
DA:516,0
DA:517,0
DA:519,0
DA:520,0
DA:522,0
DA:523,0
DA:525,0
DA:526,0
DA:528,0
DA:529,0
DA:531,0
DA:532,0
DA:534,0
DA:535,0
DA:536,0
DA:537,0
DA:538,0
DA:539,0
DA:540,0
DA:542,0
DA:543,0
DA:544,0
DA:545,0
DA:546,0
DA:548,0
DA:549,0
DA:550,0
DA:551,0
DA:553,0
DA:554,0
DA:555,0
DA:556,0
DA:557,0
DA:558,0
DA:560,0
DA:561,0
DA:562,0
DA:563,0
DA:564,0
DA:565,0
DA:566,0
DA:567,0
DA:568,0
DA:569,0
DA:570,0
DA:572,0
DA:573,0
DA:576,0
DA:579,0
DA:580,0
DA:581,0
DA:582,0
DA:583,0
DA:584,0
DA:585,0
DA:586,0
DA:587,0
DA:588,0
DA:589,0
DA:590,0
DA:591,0
DA:592,0
DA:593,0
DA:594,0
DA:595,0
DA:597,0
DA:598,0
DA:600,0
DA:601,0
DA:603,0
DA:605,0
DA:607,0
DA:609,0
DA:610,0
DA:611,0
DA:612,0
DA:613,0
DA:614,0
DA:615,0
DA:616,0
DA:625,0
DA:627,0
DA:628,0
DA:629,0
DA:630,0
DA:632,0
DA:637,0
DA:638,0
DA:639,0
DA:641,0
DA:642,0
DA:643,0
DA:644,0
DA:645,0
DA:646,0
DA:647,0
DA:648,0
DA:649,0
DA:650,0
DA:651,0
DA:653,0
DA:654,0
DA:655,0
DA:656,0
DA:658,0
DA:659,0
DA:660,0
DA:661,0
DA:663,0
DA:664,0
DA:665,0
DA:666,0
DA:668,0
DA:669,0
DA:670,0
DA:671,0
DA:673,0
DA:674,0
DA:675,0
DA:676,0
DA:678,0
DA:679,0
DA:680,0
DA:681,0
DA:682,0
DA:684,0
DA:685,0
DA:687,0
DA:688,0
DA:689,0
DA:690,0
DA:693,0
DA:695,0
DA:696,0
DA:697,0
DA:698,0
DA:699,0
DA:700,0
DA:701,0
DA:702,0
DA:703,0
DA:705,0
DA:706,0
DA:707,0
DA:708,0
DA:713,0
DA:714,0
DA:715,0
DA:717,0
DA:718,0
DA:719,0
DA:720,0
DA:721,0
DA:722,0
DA:723,0
DA:724,0
DA:725,0
DA:726,0
DA:728,0
DA:729,0
DA:730,0
DA:731,0
DA:732,0
DA:733,0
DA:734,0
DA:736,0
DA:737,0
DA:738,0
DA:739,0
DA:740,0
DA:741,0
DA:742,0
DA:744,0
DA:745,0
DA:746,0
DA:748,0
DA:749,0
DA:750,0
DA:752,0
DA:753,0
DA:754,0
DA:755,0
DA:756,0
DA:758,0
DA:759,0
LF:524
LH:44
FN:61,102,write_ecu_matrix
FNDA:0,write_ecu_matrix
FN:105,110,write_excel_line
FNDA:0,write_excel_line
FN:113,296,dump
FNDA:0,dump
FN:301,329,parse_value_name_column
FNDA:1,parse_value_name_column
FN:332,341,read_additional_signal_attributes
FNDA:0,read_additional_signal_attributes
FN:344,759,load
FNDA:0,load
FN:459,460,load._cell
FNDA:0,load._cell
FN:462,466,load._has_frame_id
FNDA:0,load._has_frame_id
FN:468,472,load._has_signal_name
FNDA:0,load._has_signal_name
FNF:9
FNH:1
end_of_record
SF:src\canmatrix\formats\xls_common.py
DA:22,1
DA:23,1
DA:25,1
DA:28,1
DA:29,0
DA:30,0
DA:31,0
DA:32,0
DA:33,0
DA:34,0
DA:35,0
DA:38,1
DA:39,0
DA:40,0
DA:41,0
DA:42,0
DA:43,0
DA:44,0
DA:45,0
DA:46,0
DA:47,0
DA:50,1
DA:51,0
DA:52,0
DA:53,0
DA:56,1
DA:57,0
DA:58,0
DA:59,0
DA:60,0
DA:61,0
DA:63,0
DA:64,0
DA:65,0
DA:66,0
DA:67,0
DA:70,1
DA:73,0
DA:74,0
DA:75,0
DA:78,0
DA:79,0
DA:80,0
DA:83,0
DA:86,0
DA:87,0
DA:88,0
DA:89,0
DA:90,0
DA:93,0
DA:96,0
DA:97,0
DA:98,0
DA:99,0
DA:100,0
DA:101,0
DA:104,1
DA:106,0
DA:108,0
DA:110,0
DA:111,0
DA:113,0
DA:114,0
DA:115,0
DA:116,0
DA:117,0
DA:120,0
DA:122,0
DA:124,0
DA:126,0
DA:130,0
DA:133,0
DA:137,0
DA:140,0
DA:143,0
DA:147,0
DA:151,0
DA:154,0
DA:157,0
DA:161,0
DA:164,0
DA:165,0
DA:166,0
DA:168,0
DA:170,0
DA:171,0
DA:173,0
DA:175,0
DA:178,1
DA:180,0
DA:181,0
DA:182,0
DA:183,0
DA:184,0
DA:185,0
DA:187,0
DA:190,0
DA:192,0
DA:194,0
DA:197,0
DA:200,0
DA:201,0
DA:202,0
DA:203,0
DA:205,0
DA:206,0
DA:207,0
DA:208,0
DA:211,0
DA:212,0
DA:215,0
DA:218,0
DA:219,0
DA:222,0
DA:223,0
DA:225,0
DA:228,0
DA:229,0
DA:231,0
DA:232,0
DA:234,0
DA:235,0
DA:237,0
DA:238,0
DA:240,0
DA:241,0
DA:244,0
DA:245,0
DA:246,0
DA:247,0
DA:248,0
DA:251,0
DA:254,0
DA:255,0
DA:257,0
DA:260,0
DA:261,0
DA:263,0
DA:264,0
DA:267,0
DA:271,0
DA:272,0
DA:275,0
DA:277,0
LF:144
LH:10
FN:28,35,_get_attr_with_default_mark
FNDA:0,_get_attr_with_default_mark
FN:38,47,_get_attr_with_fallback
FNDA:0,_get_attr_with_fallback
FN:50,53,_strip_default_mark
FNDA:0,_strip_default_mark
FN:56,67,_import_attr_with_default
FNDA:0,_import_attr_with_default
FN:70,101,initialize_excel_attribute_defines
FNDA:0,initialize_excel_attribute_defines
FN:104,175,get_frame_info
FNDA:0,get_frame_info
FN:178,277,get_signal
FNDA:0,get_signal
FNF:7
FNH:0
end_of_record
SF:src\canmatrix\formats\xlsx.py
DA:26,1
DA:27,1
DA:28,1
DA:30,1
DA:31,1
DA:33,1
DA:34,1
DA:35,1
DA:36,1
DA:37,1
DA:39,1
DA:43,1
DA:45,1
DA:46,1
DA:47,1
DA:48,1
DA:50,1
DA:51,1
DA:52,1
DA:53,1
DA:54,1
DA:55,1
DA:58,1
DA:61,0
DA:62,0
DA:63,0
DA:64,0
DA:65,0
DA:68,0
DA:69,0
DA:70,0
DA:71,0
DA:74,0
DA:76,0
DA:77,0
DA:78,0
DA:81,0
DA:82,0
DA:84,0
DA:85,0
DA:86,0
DA:87,0
DA:88,0
DA:89,0
DA:90,0
DA:91,0
DA:92,0
DA:93,0
DA:94,0
DA:95,0
DA:96,0
DA:97,0
DA:98,0
DA:100,0
DA:101,0
DA:102,0
DA:104,0
DA:107,1
DA:109,0
DA:110,0
DA:111,0
DA:112,0
DA:113,0
DA:114,0
DA:117,1
DA:119,0
DA:120,0
DA:121,0
DA:122,0
DA:124,0
DA:158,0
DA:160,0
DA:163,0
DA:164,0
DA:165,0
DA:178,0
DA:179,0
DA:180,0
DA:182,0
DA:183,0
DA:184,0
DA:185,0
DA:187,0
DA:188,0
DA:190,0
DA:191,0
DA:194,0
DA:195,0
DA:198,0
DA:199,0
DA:200,0
DA:202,0
DA:203,0
DA:205,0
DA:206,0
DA:207,0
DA:209,0
DA:210,0
DA:212,0
DA:213,0
DA:214,0
DA:216,0
DA:217,0
DA:220,0
DA:221,0
DA:223,0
DA:224,0
DA:225,0
DA:227,0
DA:229,0
DA:232,0
DA:233,0
DA:234,0
DA:235,0
DA:236,0
DA:238,0
DA:239,0
DA:241,0
DA:242,0
DA:244,0
DA:246,0
DA:247,0
DA:248,0
DA:249,0
DA:250,0
DA:251,0
DA:252,0
DA:254,0
DA:257,0
DA:259,0
DA:262,0
DA:264,0
DA:267,0
DA:268,0
DA:269,0
DA:270,0
DA:271,0
DA:272,0
DA:274,0
DA:276,0
DA:279,0
DA:280,0
DA:281,0
DA:283,0
DA:284,0
DA:286,0
DA:287,0
DA:288,0
DA:289,0
DA:290,0
DA:292,0
DA:293,0
DA:296,0
DA:297,0
DA:299,0
DA:300,0
DA:302,0
DA:305,0
DA:306,0
DA:308,0
DA:309,0
DA:311,0
DA:312,0
DA:315,0
DA:316,0
DA:317,0
DA:318,0
DA:319,0
DA:320,0
DA:322,0
DA:323,0
DA:327,0
DA:328,0
DA:329,0
DA:334,0
DA:336,0
DA:337,0
DA:338,0
DA:339,0
DA:341,0
DA:342,0
DA:344,0
DA:345,0
DA:347,0
DA:348,0
DA:349,0
DA:350,0
DA:352,0
DA:353,0
DA:354,0
DA:356,0
DA:357,0
DA:361,0
DA:362,0
DA:364,0
DA:367,1
DA:370,0
DA:373,0
DA:374,0
DA:375,0
DA:376,0
DA:379,0
DA:381,0
DA:382,0
DA:383,0
DA:385,0
DA:387,0
DA:389,0
DA:390,0
DA:392,0
DA:394,0
DA:397,0
DA:398,0
DA:399,0
DA:401,0
DA:402,0
DA:403,0
DA:404,0
DA:405,0
DA:407,0
DA:408,0
DA:409,0
DA:411,0
DA:413,0
DA:414,0
DA:415,0
DA:417,0
DA:418,0
DA:419,0
DA:421,0
DA:422,0
DA:423,0
DA:425,0
DA:427,0
DA:428,0
DA:429,0
DA:430,0
DA:431,0
DA:432,0
DA:433,0
DA:434,0
DA:436,0
DA:437,0
DA:439,0
DA:441,0
DA:442,0
DA:443,0
DA:444,0
DA:446,0
DA:447,0
DA:448,0
DA:449,0
DA:450,0
DA:452,0
DA:454,0
DA:455,0
DA:456,0
DA:457,0
DA:458,0
DA:459,0
DA:461,0
DA:463,0
DA:465,0
DA:467,0
DA:469,0
DA:471,0
DA:473,0
DA:475,0
DA:477,0
DA:479,0
DA:480,0
DA:481,0
DA:482,0
DA:483,0
DA:484,0
DA:486,0
DA:488,0
DA:489,0
DA:490,0
DA:491,0
DA:492,0
DA:493,0
DA:494,0
DA:495,0
DA:496,0
DA:497,0
DA:498,0
DA:500,0
DA:501,0
DA:504,0
DA:505,0
DA:506,0
DA:507,0
DA:508,0
DA:509,0
DA:510,0
DA:511,0
DA:513,0
DA:514,0
DA:515,0
DA:516,0
DA:517,0
DA:518,0
DA:519,0
DA:520,0
DA:521,0
DA:523,0
DA:525,0
DA:526,0
DA:527,0
DA:528,0
DA:530,0
DA:532,0
DA:534,0
DA:536,0
DA:537,0
DA:538,0
DA:539,0
DA:540,0
DA:541,0
DA:542,0
DA:543,0
DA:544,0
DA:551,0
DA:553,0
DA:554,0
DA:556,0
DA:557,0
DA:559,0
DA:565,0
DA:566,0
DA:567,0
DA:568,0
DA:569,0
DA:570,0
DA:571,0
DA:572,0
DA:573,0
DA:574,0
DA:575,0
DA:577,0
DA:578,0
DA:579,0
DA:581,0
DA:582,0
DA:583,0
DA:585,0
DA:586,0
DA:587,0
DA:589,0
DA:590,0
DA:591,0
DA:593,0
DA:594,0
DA:595,0
DA:597,0
DA:598,0
DA:599,0
DA:601,0
DA:602,0
DA:603,0
DA:604,0
DA:606,0
DA:607,0
DA:608,0
DA:609,0
DA:610,0
DA:613,0
DA:614,0
DA:615,0
DA:616,0
DA:617,0
DA:618,0
DA:619,0
DA:620,0
DA:621,0
DA:622,0
DA:623,0
DA:625,0
DA:626,0
DA:627,0
DA:630,0
DA:631,0
DA:632,0
DA:633,0
DA:634,0
DA:635,0
DA:636,0
DA:637,0
DA:638,0
DA:640,0
DA:642,0
DA:643,0
DA:644,0
DA:645,0
DA:646,0
DA:647,0
DA:648,0
DA:649,0
DA:650,0
DA:651,0
DA:652,0
DA:653,0
DA:654,0
DA:655,0
DA:657,0
DA:658,0
DA:659,0
DA:660,0
DA:661,0
DA:662,0
DA:663,0
DA:664,0
DA:665,0
DA:666,0
DA:667,0
DA:669,0
DA:670,0
DA:671,0
DA:672,0
DA:673,0
DA:675,0
DA:676,0
DA:678,0
DA:679,0
DA:680,0
DA:681,0
DA:682,0
DA:684,0
DA:685,0
DA:686,0
DA:687,0
DA:688,0
DA:689,0
DA:691,0
DA:692,0
DA:693,0
DA:694,0
DA:695,0
DA:696,0
DA:701,0
DA:702,0
DA:703,0
DA:705,0
DA:706,0
DA:707,0
DA:708,0
DA:709,0
DA:711,0
DA:712,0
DA:713,0
DA:714,0
DA:715,0
DA:716,0
DA:717,0
DA:719,0
DA:720,0
LF:457
LH:26
FN:58,104,write_ecu_matrix
FNDA:0,write_ecu_matrix
FN:107,114,write_excel_line
FNDA:0,write_excel_line
FN:117,364,dump
FNDA:0,dump
FN:367,720,load
FNDA:0,load
FN:407,411,load.get_if_possible
FNDA:0,load.get_if_possible
FN:413,415,load._is_frame_row
FNDA:0,load._is_frame_row
FN:417,419,load._is_signal_row
FNDA:0,load._is_signal_row
FN:630,638,load._parse_inline_value_table
FNDA:0,load._parse_inline_value_table
FNF:8
FNH:0
end_of_record
SF:src\canmatrix\formats\yaml.py
DA:26,0
DA:27,0
DA:28,0
DA:30,0
DA:32,0
DA:34,0
DA:35,0
DA:36,0
DA:37,0
DA:40,0
DA:41,0
DA:42,0
DA:43,0
DA:44,0
DA:45,0
DA:46,0
DA:47,0
DA:50,0
DA:53,0
DA:54,0
DA:55,0
DA:57,0
DA:58,0
DA:59,0
DA:60,0
DA:64,0
DA:65,0
DA:67,0
DA:70,0
DA:71,0
DA:72,0
DA:73,0
DA:76,0
DA:79,0
DA:81,0
DA:82,0
DA:83,0
DA:84,0
DA:85,0
DA:86,0
DA:89,0
DA:90,0
DA:100,0
DA:101,0
DA:111,0
DA:112,0
DA:117,0
DA:120,0
DA:121,0
DA:122,0
DA:124,0
DA:127,0
DA:130,0
DA:131,0
DA:132,0
DA:133,0
DA:134,0
LF:57
LH:0
FN:53,67,dump
FNDA:0,dump
FN:70,73,load
FNDA:0,load
FN:79,86,_constructor
FNDA:0,_constructor
FN:89,97,_frame_constructor
FNDA:0,_frame_constructor
FN:100,117,_signal_constructor
FNDA:0,_signal_constructor
FN:120,124,_frame_representer
FNDA:0,_frame_representer
FN:127,134,__init_yaml
FNDA:0,__init_yaml
FNF:7
FNH:0
end_of_record
SF:src\canmatrix\j1939_decoder.py
DA:2,0
DA:4,0
DA:6,0
DA:8,0
DA:9,0
DA:10,0
DA:11,0
DA:14,0
DA:15,0
DA:16,0
DA:17,0
DA:20,0
DA:21,0
DA:22,0
DA:23,0
DA:25,0
DA:26,0
DA:27,0
DA:29,0
DA:30,0
DA:31,0
DA:32,0
DA:33,0
DA:34,0
DA:35,0
DA:37,0
DA:39,0
DA:40,0
DA:41,0
DA:42,0
DA:43,0
DA:44,0
DA:46,0
DA:48,0
DA:49,0
DA:50,0
DA:51,0
DA:52,0
DA:54,0
DA:56,0
DA:57,0
DA:58,0
DA:59,0
DA:61,0
DA:63,0
DA:64,0
DA:65,0
DA:66,0
DA:68,0
DA:70,0
DA:71,0
DA:72,0
DA:75,0
DA:79,0
DA:82,0
DA:84,0
DA:85,0
DA:87,0
DA:89,0
DA:90,0
DA:91,0
DA:92,0
DA:93,0
DA:95,0
DA:96,0
DA:97,0
LF:66
LH:0
FN:25,97,j1939_decoder.decode
FNDA:0,j1939_decoder.decode
FNF:1
FNH:0
end_of_record
SF:src\canmatrix\join.py
DA:3,0
DA:4,0
DA:6,0
DA:7,0
DA:10,0
DA:18,0
DA:19,0
DA:20,0
DA:23,0
DA:26,0
DA:27,0
DA:28,0
DA:29,0
DA:32,0
DA:33,0
DA:35,0
DA:37,0
DA:38,0
DA:39,0
DA:41,0
DA:43,0
DA:45,0
DA:46,0
DA:48,0
DA:49,0
DA:50,0
DA:52,0
DA:54,0
DA:55,0
DA:56,0
DA:57,0
DA:60,0
DA:61,0
DA:62,0
DA:64,0
DA:65,0
DA:67,0
DA:70,0
DA:71,0
DA:72,0
DA:73,0
DA:75,0
DA:76,0
DA:77,0
DA:79,0
DA:80,0
DA:83,0
DA:86,0
DA:88,0
DA:89,0
DA:90,0
DA:92,0
DA:94,0
DA:96,0
DA:97,0
DA:99,0
DA:100,0
DA:101,0
DA:102,0
DA:103,0
DA:104,0
DA:106,0
DA:107,0
DA:108,0
DA:109,0
LF:65
LH:0
FN:10,20,list_pgn
FNDA:0,list_pgn
FN:23,29,ids_sharing_same_pgn
FNDA:0,ids_sharing_same_pgn
FN:32,57,join_frame_by_signal_start_bit
FNDA:0,join_frame_by_signal_start_bit
FN:60,67,rename_frame_with_id
FNDA:0,rename_frame_with_id
FN:70,80,rename_frame_with_sae_acronym
FNDA:0,rename_frame_with_sae_acronym
FN:83,109,join_frame_for_manufacturer
FNDA:0,join_frame_for_manufacturer
FNF:6
FNH:0
end_of_record
SF:src\canmatrix\log.py
DA:25,0
DA:28,0
DA:33,0
DA:36,0
DA:37,0
DA:39,0
DA:40,0
DA:41,0
DA:42,0
DA:44,0
DA:46,0
DA:47,0
DA:48,0
DA:49,0
DA:51,0
DA:58,0
LF:16
LH:0
FN:28,42,setup_logger
FNDA:0,setup_logger
FN:44,58,set_log_level
FNDA:0,set_log_level
FNF:2
FNH:0
end_of_record
SF:src\canmatrix\types.py
DA:3,1
DA:5,1
DA:6,1
DA:7,1
DA:8,1
LF:5
LH:5
end_of_record
SF:src\canmatrix\utils.py
DA:3,1
DA:4,1
DA:5,1
DA:6,1
DA:7,1
DA:8,1
DA:9,1
DA:10,1
DA:12,1
DA:13,1
DA:15,0
DA:19,1
DA:20,0
DA:24,1
DA:25,0
DA:26,0
DA:27,0
DA:28,0
DA:29,0
DA:30,0
DA:31,0
DA:32,0
DA:33,0
DA:34,0
DA:35,0
DA:36,0
DA:37,0
DA:38,0
DA:39,0
DA:40,0
DA:43,1
DA:52,0
DA:53,0
DA:54,0
DA:56,0
DA:57,0
DA:58,0
DA:59,0
DA:60,0
DA:61,0
DA:62,0
DA:63,0
DA:64,0
DA:65,0
DA:66,0
DA:68,0
DA:70,0
DA:71,0
DA:72,0
DA:73,0
DA:74,0
DA:77,1
DA:85,0
DA:86,0
DA:88,0
DA:89,0
DA:90,0
DA:91,0
DA:92,0
DA:93,0
DA:94,0
DA:95,0
DA:96,0
DA:97,0
DA:98,0
DA:99,0
DA:102,1
DA:111,0
DA:112,0
DA:114,0
DA:117,1
DA:123,0
DA:124,0
DA:125,0
DA:127,0
DA:128,0
DA:130,0
DA:131,0
DA:132,0
DA:133,0
DA:134,0
DA:135,0
DA:136,0
DA:138,0
DA:141,1
DA:152,1
DA:153,1
DA:155,1
DA:156,1
DA:157,0
DA:159,1
DA:160,1
DA:161,0
DA:163,1
DA:164,1
DA:165,0
LF:96
LH:25
FN:19,20,quote_aware_space_split
FNDA:0,quote_aware_space_split
FN:24,40,escape_aware_split
FNDA:0,escape_aware_split
FN:43,74,quote_aware_comma_split
FNDA:0,quote_aware_comma_split
FN:77,99,guess_value
FNDA:0,guess_value
FN:102,114,get_gcd
FNDA:0,get_gcd
FN:117,138,decode_number
FNDA:0,decode_number
FN:156,157,FloatFactory.set_float_factory
FNDA:0,FloatFactory.set_float_factory
FN:160,161,FloatFactory.get_float_factory
FNDA:0,FloatFactory.get_float_factory
FN:164,165,FloatFactory.get_float
FNDA:0,FloatFactory.get_float
FNF:9
FNH:0
end_of_record
